Traceback (most recent call last):
  File "/Users/lukas/projects/sp500_leverage_vs_non_leverage/main.py", line 19, in <module>
    instruments = {d["ticker"]: TradableInstrument(**d) for d in response.json()}
                   ~^^^^^^^^^^
TypeError: string indices must be integers, not 'str'
Traceback (most recent call last):
  File "/Users/lukas/projects/sp500_leverage_vs_non_leverage/main.py", line 19, in <module>
    instruments = {d["ticker"]: TradableInstrument(**d) for d in response.json()}
                   ~^^^^^^^^^^
TypeError: string indices must be integers, not 'str'
Traceback (most recent call last):
  File "/Users/lukas/projects/sp500_leverage_vs_non_leverage/main.py", line 19, in <module>
    instruments = {d["ticker"]: TradableInstrument(**d) for d in response.json()}
                   ~^^^^^^^^^^
TypeError: string indices must be integers, not 'str'
Traceback (most recent call last):
  File "/Users/lukas/projects/sp500_leverage_vs_non_leverage/main.py", line 19, in <module>
    instruments = {d["ticker"]: TradableInstrument(**d) for d in response.json()}
                   ~^^^^^^^^^^
TypeError: string indices must be integers, not 'str'
Traceback (most recent call last):
  File "/Users/lukas/projects/sp500_leverage_vs_non_leverage/main.py", line 19, in <module>
    instruments = {d["ticker"]: TradableInstrument(**d) for d in response.json()}
                   ~^^^^^^^^^^
TypeError: string indices must be integers, not 'str'
Traceback (most recent call last):
  File "/Users/lukas/projects/sp500_leverage_vs_non_leverage/main.py", line 19, in <module>
    instruments = {d["ticker"]: TradableInstrument(**d) for d in response.json()}
                   ~^^^^^^^^^^
TypeError: string indices must be integers, not 'str'
Traceback (most recent call last):
  File "/Users/lukas/projects/sp500_leverage_vs_non_leverage/main.py", line 19, in <module>
    instruments = {d["ticker"]: TradableInstrument(**d) for d in response.json()}
                   ~^^^^^^^^^^
TypeError: string indices must be integers, not 'str'
Traceback (most recent call last):
  File "/Users/lukas/projects/sp500_leverage_vs_non_leverage/main.py", line 19, in <module>
    instruments = {d["ticker"]: TradableInstrument(**d) for d in response.json()}
                   ~^^^^^^^^^^
TypeError: string indices must be integers, not 'str'
Traceback (most recent call last):
  File "/Users/lukas/projects/sp500_leverage_vs_non_leverage/main.py", line 19, in <module>
    instruments = {d["ticker"]: TradableInstrument(**d) for d in response.json()}
                   ~^^^^^^^^^^
TypeError: string indices must be integers, not 'str'
Traceback (most recent call last):
  File "/Users/lukas/projects/sp500_leverage_vs_non_leverage/main.py", line 19, in <module>
    instruments = {d["ticker"]: TradableInstrument(**d) for d in response.json()}
                   ~^^^^^^^^^^
TypeError: string indices must be integers, not 'str'
Traceback (most recent call last):
  File "/Users/lukas/projects/sp500_leverage_vs_non_leverage/main.py", line 19, in <module>
    instruments = {d["ticker"]: TradableInstrument(**d) for d in response.json()}
                   ~^^^^^^^^^^
TypeError: string indices must be integers, not 'str'
Traceback (most recent call last):
  File "/Users/lukas/projects/sp500_leverage_vs_non_leverage/main.py", line 19, in <module>
    instruments = {d["ticker"]: TradableInstrument(**d) for d in response.json()}
                   ~^^^^^^^^^^
TypeError: string indices must be integers, not 'str'
Traceback (most recent call last):
  File "/Users/lukas/projects/sp500_leverage_vs_non_leverage/main.py", line 19, in <module>
    instruments = {d["ticker"]: TradableInstrument(**d) for d in response.json()}
                   ~^^^^^^^^^^
TypeError: string indices must be integers, not 'str'
Traceback (most recent call last):
  File "/Users/lukas/projects/sp500_leverage_vs_non_leverage/main.py", line 19, in <module>
    instruments = {d["ticker"]: TradableInstrument(**d) for d in response.json()}
                   ~^^^^^^^^^^
TypeError: string indices must be integers, not 'str'
Traceback (most recent call last):
  File "/Users/lukas/projects/sp500_leverage_vs_non_leverage/main.py", line 19, in <module>
    instruments = {d["ticker"]: TradableInstrument(**d) for d in response.json()}
                   ~^^^^^^^^^^
TypeError: string indices must be integers, not 'str'
Traceback (most recent call last):
  File "/Users/lukas/projects/sp500_leverage_vs_non_leverage/main.py", line 19, in <module>
    instruments = {d["ticker"]: TradableInstrument(**d) for d in response.json()}
                   ~^^^^^^^^^^
TypeError: string indices must be integers, not 'str'
Traceback (most recent call last):
  File "/Users/lukas/projects/sp500_leverage_vs_non_leverage/main.py", line 19, in <module>
    instruments = {d["ticker"]: TradableInstrument(**d) for d in response.json()}
                   ~^^^^^^^^^^
TypeError: string indices must be integers, not 'str'
Traceback (most recent call last):
  File "/Users/lukas/projects/sp500_leverage_vs_non_leverage/main.py", line 19, in <module>
    instruments = {d["ticker"]: TradableInstrument(**d) for d in response.json()}
                   ~^^^^^^^^^^
TypeError: string indices must be integers, not 'str'
Traceback (most recent call last):
  File "/Users/lukas/projects/sp500_leverage_vs_non_leverage/main.py", line 19, in <module>
    instruments = {d["ticker"]: TradableInstrument(**d) for d in response.json()}
                   ~^^^^^^^^^^
TypeError: string indices must be integers, not 'str'
Traceback (most recent call last):
  File "/Users/lukas/projects/sp500_leverage_vs_non_leverage/main.py", line 19, in <module>
    instruments = {d["ticker"]: TradableInstrument(**d) for d in response.json()}
                   ~^^^^^^^^^^
TypeError: string indices must be integers, not 'str'
Traceback (most recent call last):
  File "/Users/lukas/projects/sp500_leverage_vs_non_leverage/main.py", line 19, in <module>
    instruments = {d["ticker"]: TradableInstrument(**d) for d in response.json()}
                   ~^^^^^^^^^^
TypeError: string indices must be integers, not 'str'
Traceback (most recent call last):
  File "/Users/lukas/projects/sp500_leverage_vs_non_leverage/main.py", line 19, in <module>
    instruments = {d["ticker"]: TradableInstrument(**d) for d in response.json()}
                   ~^^^^^^^^^^
TypeError: string indices must be integers, not 'str'
Traceback (most recent call last):
  File "/Users/lukas/projects/sp500_leverage_vs_non_leverage/main.py", line 19, in <module>
    instruments = {d["ticker"]: TradableInstrument(**d) for d in response.json()}
                   ~^^^^^^^^^^
TypeError: string indices must be integers, not 'str'
Traceback (most recent call last):
  File "/Users/lukas/projects/sp500_leverage_vs_non_leverage/main.py", line 19, in <module>
    instruments = {d["ticker"]: TradableInstrument(**d) for d in response.json()}
                   ~^^^^^^^^^^
TypeError: string indices must be integers, not 'str'
Traceback (most recent call last):
  File "/Users/lukas/projects/sp500_leverage_vs_non_leverage/main.py", line 19, in <module>
    instruments = {d["ticker"]: TradableInstrument(**d) for d in response.json()}
                   ~^^^^^^^^^^
TypeError: string indices must be integers, not 'str'
Traceback (most recent call last):
  File "/Users/lukas/projects/sp500_leverage_vs_non_leverage/main.py", line 19, in <module>
    instruments = {d["ticker"]: TradableInstrument(**d) for d in response.json()}
                   ~^^^^^^^^^^
TypeError: string indices must be integers, not 'str'
Traceback (most recent call last):
  File "/Users/lukas/projects/sp500_leverage_vs_non_leverage/main.py", line 19, in <module>
    instruments = {d["ticker"]: TradableInstrument(**d) for d in response.json()}
                   ~^^^^^^^^^^
TypeError: string indices must be integers, not 'str'
Traceback (most recent call last):
  File "/Users/lukas/projects/sp500_leverage_vs_non_leverage/main.py", line 19, in <module>
    instruments = {d["ticker"]: TradableInstrument(**d) for d in response.json()}
                   ~^^^^^^^^^^
TypeError: string indices must be integers, not 'str'
Traceback (most recent call last):
  File "/Users/lukas/projects/sp500_leverage_vs_non_leverage/main.py", line 19, in <module>
    instruments = {d["ticker"]: TradableInstrument(**d) for d in response.json()}
                   ~^^^^^^^^^^
TypeError: string indices must be integers, not 'str'
Traceback (most recent call last):
  File "/Users/lukas/projects/sp500_leverage_vs_non_leverage/main.py", line 19, in <module>
    instruments = {d["ticker"]: TradableInstrument(**d) for d in response.json()}
                   ~^^^^^^^^^^
TypeError: string indices must be integers, not 'str'
Traceback (most recent call last):
  File "/Users/lukas/projects/sp500_leverage_vs_non_leverage/main.py", line 19, in <module>
    instruments = {d["ticker"]: TradableInstrument(**d) for d in response.json()}
                   ~^^^^^^^^^^
TypeError: string indices must be integers, not 'str'
Traceback (most recent call last):
  File "/Users/lukas/projects/sp500_leverage_vs_non_leverage/main.py", line 19, in <module>
    instruments = {d["ticker"]: TradableInstrument(**d) for d in response.json()}
                   ~^^^^^^^^^^
TypeError: string indices must be integers, not 'str'
Traceback (most recent call last):
  File "/Users/lukas/projects/sp500_leverage_vs_non_leverage/main.py", line 19, in <module>
    instruments = {d["ticker"]: TradableInstrument(**d) for d in response.json()}
                   ~^^^^^^^^^^
TypeError: string indices must be integers, not 'str'
Traceback (most recent call last):
  File "/Users/lukas/projects/sp500_leverage_vs_non_leverage/main.py", line 19, in <module>
    instruments = {d["ticker"]: TradableInstrument(**d) for d in response.json()}
                   ~^^^^^^^^^^
TypeError: string indices must be integers, not 'str'
Traceback (most recent call last):
  File "/Users/lukas/projects/sp500_leverage_vs_non_leverage/main.py", line 19, in <module>
    instruments = {d["ticker"]: TradableInstrument(**d) for d in response.json()}
                   ~^^^^^^^^^^
TypeError: string indices must be integers, not 'str'
Traceback (most recent call last):
  File "/Users/lukas/projects/sp500_leverage_vs_non_leverage/main.py", line 19, in <module>
    instruments = {d["ticker"]: TradableInstrument(**d) for d in response.json()}
                   ~^^^^^^^^^^
TypeError: string indices must be integers, not 'str'
Traceback (most recent call last):
  File "/Users/lukas/projects/sp500_leverage_vs_non_leverage/main.py", line 19, in <module>
    instruments = {d["ticker"]: TradableInstrument(**d) for d in response.json()}
                   ~^^^^^^^^^^
TypeError: string indices must be integers, not 'str'
Traceback (most recent call last):
  File "/Users/lukas/projects/sp500_leverage_vs_non_leverage/main.py", line 19, in <module>
    instruments = {d["ticker"]: TradableInstrument(**d) for d in response.json()}
                   ~^^^^^^^^^^
TypeError: string indices must be integers, not 'str'
Traceback (most recent call last):
  File "/Users/lukas/projects/sp500_leverage_vs_non_leverage/main.py", line 19, in <module>
    instruments = {d["ticker"]: TradableInstrument(**d) for d in response.json()}
                   ~^^^^^^^^^^
TypeError: string indices must be integers, not 'str'
Traceback (most recent call last):
  File "/Users/lukas/projects/sp500_leverage_vs_non_leverage/main.py", line 19, in <module>
    instruments = {d["ticker"]: TradableInstrument(**d) for d in response.json()}
                   ~^^^^^^^^^^
TypeError: string indices must be integers, not 'str'
Traceback (most recent call last):
  File "/Users/lukas/projects/sp500_leverage_vs_non_leverage/main.py", line 19, in <module>
    instruments = {d["ticker"]: TradableInstrument(**d) for d in response.json()}
                   ~^^^^^^^^^^
TypeError: string indices must be integers, not 'str'
Traceback (most recent call last):
  File "/Users/lukas/projects/sp500_leverage_vs_non_leverage/main.py", line 19, in <module>
    instruments = {d["ticker"]: TradableInstrument(**d) for d in response.json()}
                   ~^^^^^^^^^^
TypeError: string indices must be integers, not 'str'
Traceback (most recent call last):
  File "/Users/lukas/projects/sp500_leverage_vs_non_leverage/main.py", line 19, in <module>
    instruments = {d["ticker"]: TradableInstrument(**d) for d in response.json()}
                   ~^^^^^^^^^^
TypeError: string indices must be integers, not 'str'
Traceback (most recent call last):
  File "/Users/lukas/projects/sp500_leverage_vs_non_leverage/main.py", line 19, in <module>
    instruments = {d["ticker"]: TradableInstrument(**d) for d in response.json()}
                   ~^^^^^^^^^^
TypeError: string indices must be integers, not 'str'
Traceback (most recent call last):
  File "/Users/lukas/projects/sp500_leverage_vs_non_leverage/main.py", line 19, in <module>
    instruments = {d["ticker"]: TradableInstrument(**d) for d in response.json()}
                   ~^^^^^^^^^^
TypeError: string indices must be integers, not 'str'
Traceback (most recent call last):
  File "/Users/lukas/projects/sp500_leverage_vs_non_leverage/main.py", line 19, in <module>
    instruments = {d["ticker"]: TradableInstrument(**d) for d in response.json()}
                   ~^^^^^^^^^^
TypeError: string indices must be integers, not 'str'
Traceback (most recent call last):
  File "/Users/lukas/projects/sp500_leverage_vs_non_leverage/main.py", line 19, in <module>
    instruments = {d["ticker"]: TradableInstrument(**d) for d in response.json()}
                   ~^^^^^^^^^^
TypeError: string indices must be integers, not 'str'
Traceback (most recent call last):
  File "/Users/lukas/projects/sp500_leverage_vs_non_leverage/main.py", line 19, in <module>
    instruments = {d["ticker"]: TradableInstrument(**d) for d in response.json()}
                   ~^^^^^^^^^^
TypeError: string indices must be integers, not 'str'
Traceback (most recent call last):
  File "/Users/lukas/projects/sp500_leverage_vs_non_leverage/main.py", line 19, in <module>
    instruments = {d["ticker"]: TradableInstrument(**d) for d in response.json()}
                   ~^^^^^^^^^^
TypeError: string indices must be integers, not 'str'
Traceback (most recent call last):
  File "/Users/lukas/projects/sp500_leverage_vs_non_leverage/main.py", line 19, in <module>
    instruments = {d["ticker"]: TradableInstrument(**d) for d in response.json()}
                   ~^^^^^^^^^^
TypeError: string indices must be integers, not 'str'
Traceback (most recent call last):
  File "/Users/lukas/projects/sp500_leverage_vs_non_leverage/main.py", line 19, in <module>
    instruments = {d["ticker"]: TradableInstrument(**d) for d in response.json()}
                   ~^^^^^^^^^^
TypeError: string indices must be integers, not 'str'
Traceback (most recent call last):
  File "/Users/lukas/projects/sp500_leverage_vs_non_leverage/main.py", line 19, in <module>
    instruments = {d["ticker"]: TradableInstrument(**d) for d in response.json()}
                   ~^^^^^^^^^^
TypeError: string indices must be integers, not 'str'
Traceback (most recent call last):
  File "/Users/lukas/projects/sp500_leverage_vs_non_leverage/main.py", line 19, in <module>
    instruments = {d["ticker"]: TradableInstrument(**d) for d in response.json()}
                   ~^^^^^^^^^^
TypeError: string indices must be integers, not 'str'
Traceback (most recent call last):
  File "/Users/lukas/projects/sp500_leverage_vs_non_leverage/main.py", line 19, in <module>
    instruments = {d["ticker"]: TradableInstrument(**d) for d in response.json()}
                   ~^^^^^^^^^^
TypeError: string indices must be integers, not 'str'
Traceback (most recent call last):
  File "/Users/lukas/projects/sp500_leverage_vs_non_leverage/main.py", line 19, in <module>
    instruments = {d["ticker"]: TradableInstrument(**d) for d in response.json()}
                   ~^^^^^^^^^^
TypeError: string indices must be integers, not 'str'
Traceback (most recent call last):
  File "/Users/lukas/projects/sp500_leverage_vs_non_leverage/main.py", line 19, in <module>
    instruments = {d["ticker"]: TradableInstrument(**d) for d in response.json()}
                   ~^^^^^^^^^^
TypeError: string indices must be integers, not 'str'
Traceback (most recent call last):
  File "/Users/lukas/projects/sp500_leverage_vs_non_leverage/main.py", line 19, in <module>
    instruments = {d["ticker"]: TradableInstrument(**d) for d in response.json()}
                   ~^^^^^^^^^^
TypeError: string indices must be integers, not 'str'
Traceback (most recent call last):
  File "/Users/lukas/projects/sp500_leverage_vs_non_leverage/main.py", line 19, in <module>
    instruments = {d["ticker"]: TradableInstrument(**d) for d in response.json()}
                   ~^^^^^^^^^^
TypeError: string indices must be integers, not 'str'
Traceback (most recent call last):
  File "/Users/lukas/projects/sp500_leverage_vs_non_leverage/main.py", line 19, in <module>
    instruments = {d["ticker"]: TradableInstrument(**d) for d in response.json()}
                   ~^^^^^^^^^^
TypeError: string indices must be integers, not 'str'
Traceback (most recent call last):
  File "/Users/lukas/projects/sp500_leverage_vs_non_leverage/main.py", line 19, in <module>
    instruments = {d["ticker"]: TradableInstrument(**d) for d in response.json()}
                   ~^^^^^^^^^^
TypeError: string indices must be integers, not 'str'
Traceback (most recent call last):
  File "/Users/lukas/projects/sp500_leverage_vs_non_leverage/main.py", line 19, in <module>
    instruments = {d["ticker"]: TradableInstrument(**d) for d in response.json()}
                   ~^^^^^^^^^^
TypeError: string indices must be integers, not 'str'
Traceback (most recent call last):
  File "/Users/lukas/projects/sp500_leverage_vs_non_leverage/main.py", line 19, in <module>
    instruments = {d["ticker"]: TradableInstrument(**d) for d in response.json()}
                   ~^^^^^^^^^^
TypeError: string indices must be integers, not 'str'
Traceback (most recent call last):
  File "/Users/lukas/projects/sp500_leverage_vs_non_leverage/main.py", line 19, in <module>
    instruments = {d["ticker"]: TradableInstrument(**d) for d in response.json()}
                   ~^^^^^^^^^^
TypeError: string indices must be integers, not 'str'
Traceback (most recent call last):
  File "/Users/lukas/projects/sp500_leverage_vs_non_leverage/main.py", line 19, in <module>
    instruments = {d["ticker"]: TradableInstrument(**d) for d in response.json()}
                   ~^^^^^^^^^^
TypeError: string indices must be integers, not 'str'
Traceback (most recent call last):
  File "/Users/lukas/projects/sp500_leverage_vs_non_leverage/main.py", line 19, in <module>
    instruments = {d["ticker"]: TradableInstrument(**d) for d in response.json()}
                   ~^^^^^^^^^^
TypeError: string indices must be integers, not 'str'
Traceback (most recent call last):
  File "/Users/lukas/projects/sp500_leverage_vs_non_leverage/main.py", line 19, in <module>
    instruments = {d["ticker"]: TradableInstrument(**d) for d in response.json()}
                   ~^^^^^^^^^^
TypeError: string indices must be integers, not 'str'
Traceback (most recent call last):
  File "/Users/lukas/projects/sp500_leverage_vs_non_leverage/main.py", line 19, in <module>
    instruments = {d["ticker"]: TradableInstrument(**d) for d in response.json()}
                   ~^^^^^^^^^^
TypeError: string indices must be integers, not 'str'
Traceback (most recent call last):
  File "/Users/lukas/projects/sp500_leverage_vs_non_leverage/main.py", line 19, in <module>
    instruments = {d["ticker"]: TradableInstrument(**d) for d in response.json()}
                   ~^^^^^^^^^^
TypeError: string indices must be integers, not 'str'
Traceback (most recent call last):
  File "/Users/lukas/projects/sp500_leverage_vs_non_leverage/main.py", line 19, in <module>
    instruments = {d["ticker"]: TradableInstrument(**d) for d in response.json()}
                   ~^^^^^^^^^^
TypeError: string indices must be integers, not 'str'
Traceback (most recent call last):
  File "/Users/lukas/projects/sp500_leverage_vs_non_leverage/main.py", line 19, in <module>
    instruments = {d["ticker"]: TradableInstrument(**d) for d in response.json()}
                   ~^^^^^^^^^^
TypeError: string indices must be integers, not 'str'
Traceback (most recent call last):
  File "/Users/lukas/projects/sp500_leverage_vs_non_leverage/main.py", line 19, in <module>
    instruments = {d["ticker"]: TradableInstrument(**d) for d in response.json()}
                   ~^^^^^^^^^^
TypeError: string indices must be integers, not 'str'
Traceback (most recent call last):
  File "/Users/lukas/projects/sp500_leverage_vs_non_leverage/main.py", line 19, in <module>
    instruments = {d["ticker"]: TradableInstrument(**d) for d in response.json()}
                   ~^^^^^^^^^^
TypeError: string indices must be integers, not 'str'
Traceback (most recent call last):
  File "/Users/lukas/projects/sp500_leverage_vs_non_leverage/main.py", line 19, in <module>
    instruments = {d["ticker"]: TradableInstrument(**d) for d in response.json()}
                   ~^^^^^^^^^^
TypeError: string indices must be integers, not 'str'
Traceback (most recent call last):
  File "/Users/lukas/projects/sp500_leverage_vs_non_leverage/main.py", line 19, in <module>
    instruments = {d["ticker"]: TradableInstrument(**d) for d in response.json()}
                   ~^^^^^^^^^^
TypeError: string indices must be integers, not 'str'
Traceback (most recent call last):
  File "/Users/lukas/projects/sp500_leverage_vs_non_leverage/main.py", line 19, in <module>
    instruments = {d["ticker"]: TradableInstrument(**d) for d in response.json()}
                   ~^^^^^^^^^^
TypeError: string indices must be integers, not 'str'
Traceback (most recent call last):
  File "/Users/lukas/projects/sp500_leverage_vs_non_leverage/main.py", line 19, in <module>
    instruments = {d["ticker"]: TradableInstrument(**d) for d in response.json()}
                   ~^^^^^^^^^^
TypeError: string indices must be integers, not 'str'
Traceback (most recent call last):
  File "/Users/lukas/projects/sp500_leverage_vs_non_leverage/main.py", line 19, in <module>
    instruments = {d["ticker"]: TradableInstrument(**d) for d in response.json()}
                   ~^^^^^^^^^^
TypeError: string indices must be integers, not 'str'
Traceback (most recent call last):
  File "/Users/lukas/projects/sp500_leverage_vs_non_leverage/main.py", line 19, in <module>
    instruments = {d["ticker"]: TradableInstrument(**d) for d in response.json()}
                   ~^^^^^^^^^^
TypeError: string indices must be integers, not 'str'
Traceback (most recent call last):
  File "/Users/lukas/projects/sp500_leverage_vs_non_leverage/.venv/lib/python3.13/site-packages/urllib3/connection.py", line 198, in _new_conn
    sock = connection.create_connection(
        (self._dns_host, self.port),
    ...<2 lines>...
        socket_options=self.socket_options,
    )
  File "/Users/lukas/projects/sp500_leverage_vs_non_leverage/.venv/lib/python3.13/site-packages/urllib3/util/connection.py", line 60, in create_connection
    for res in socket.getaddrinfo(host, port, family, socket.SOCK_STREAM):
               ~~~~~~~~~~~~~~~~~~^^^^^^^^^^^^^^^^^^^^^^^^^^^^^^^^^^^^^^^^
  File "/Library/Frameworks/Python.framework/Versions/3.13/lib/python3.13/socket.py", line 975, in getaddrinfo
    for res in _socket.getaddrinfo(host, port, family, type, proto, flags):
               ~~~~~~~~~~~~~~~~~~~^^^^^^^^^^^^^^^^^^^^^^^^^^^^^^^^^^^^^^^^
socket.gaierror: [Errno 8] nodename nor servname provided, or not known

The above exception was the direct cause of the following exception:

Traceback (most recent call last):
  File "/Users/lukas/projects/sp500_leverage_vs_non_leverage/.venv/lib/python3.13/site-packages/urllib3/connectionpool.py", line 787, in urlopen
    response = self._make_request(
        conn,
    ...<10 lines>...
        **response_kw,
    )
  File "/Users/lukas/projects/sp500_leverage_vs_non_leverage/.venv/lib/python3.13/site-packages/urllib3/connectionpool.py", line 488, in _make_request
    raise new_e
  File "/Users/lukas/projects/sp500_leverage_vs_non_leverage/.venv/lib/python3.13/site-packages/urllib3/connectionpool.py", line 464, in _make_request
    self._validate_conn(conn)
    ~~~~~~~~~~~~~~~~~~~^^^^^^
  File "/Users/lukas/projects/sp500_leverage_vs_non_leverage/.venv/lib/python3.13/site-packages/urllib3/connectionpool.py", line 1093, in _validate_conn
    conn.connect()
    ~~~~~~~~~~~~^^
  File "/Users/lukas/projects/sp500_leverage_vs_non_leverage/.venv/lib/python3.13/site-packages/urllib3/connection.py", line 753, in connect
    self.sock = sock = self._new_conn()
                       ~~~~~~~~~~~~~~^^
  File "/Users/lukas/projects/sp500_leverage_vs_non_leverage/.venv/lib/python3.13/site-packages/urllib3/connection.py", line 205, in _new_conn
    raise NameResolutionError(self.host, self, e) from e
urllib3.exceptions.NameResolutionError: <urllib3.connection.HTTPSConnection object at 0x1101e1bd0>: Failed to resolve 'demo.trading212.com' ([Errno 8] nodename nor servname provided, or not known)

The above exception was the direct cause of the following exception:

Traceback (most recent call last):
  File "/Users/lukas/projects/sp500_leverage_vs_non_leverage/.venv/lib/python3.13/site-packages/requests/adapters.py", line 644, in send
    resp = conn.urlopen(
        method=request.method,
    ...<9 lines>...
        chunked=chunked,
    )
  File "/Users/lukas/projects/sp500_leverage_vs_non_leverage/.venv/lib/python3.13/site-packages/urllib3/connectionpool.py", line 841, in urlopen
    retries = retries.increment(
        method, url, error=new_e, _pool=self, _stacktrace=sys.exc_info()[2]
    )
  File "/Users/lukas/projects/sp500_leverage_vs_non_leverage/.venv/lib/python3.13/site-packages/urllib3/util/retry.py", line 519, in increment
    raise MaxRetryError(_pool, url, reason) from reason  # type: ignore[arg-type]
    ^^^^^^^^^^^^^^^^^^^^^^^^^^^^^^^^^^^^^^^^^^^^^^^^^^^
urllib3.exceptions.MaxRetryError: HTTPSConnectionPool(host='demo.trading212.com', port=443): Max retries exceeded with url: /api/v0/equity/portfolio (Caused by NameResolutionError("<urllib3.connection.HTTPSConnection object at 0x1101e1bd0>: Failed to resolve 'demo.trading212.com' ([Errno 8] nodename nor servname provided, or not known)"))

During handling of the above exception, another exception occurred:

Traceback (most recent call last):
  File "/Users/lukas/projects/sp500_leverage_vs_non_leverage/main.py", line 47, in <module>
    response = requests.get(url, headers=headers)
  File "/Users/lukas/projects/sp500_leverage_vs_non_leverage/.venv/lib/python3.13/site-packages/requests/api.py", line 73, in get
    return request("get", url, params=params, **kwargs)
  File "/Users/lukas/projects/sp500_leverage_vs_non_leverage/.venv/lib/python3.13/site-packages/requests/api.py", line 59, in request
    return session.request(method=method, url=url, **kwargs)
           ~~~~~~~~~~~~~~~^^^^^^^^^^^^^^^^^^^^^^^^^^^^^^^^^^
  File "/Users/lukas/projects/sp500_leverage_vs_non_leverage/.venv/lib/python3.13/site-packages/requests/sessions.py", line 589, in request
    resp = self.send(prep, **send_kwargs)
  File "/Users/lukas/projects/sp500_leverage_vs_non_leverage/.venv/lib/python3.13/site-packages/requests/sessions.py", line 703, in send
    r = adapter.send(request, **kwargs)
  File "/Users/lukas/projects/sp500_leverage_vs_non_leverage/.venv/lib/python3.13/site-packages/requests/adapters.py", line 677, in send
    raise ConnectionError(e, request=request)
requests.exceptions.ConnectionError: HTTPSConnectionPool(host='demo.trading212.com', port=443): Max retries exceeded with url: /api/v0/equity/portfolio (Caused by NameResolutionError("<urllib3.connection.HTTPSConnection object at 0x1101e1bd0>: Failed to resolve 'demo.trading212.com' ([Errno 8] nodename nor servname provided, or not known)"))
Traceback (most recent call last):
  File "/Users/lukas/projects/sp500_leverage_vs_non_leverage/.venv/lib/python3.13/site-packages/urllib3/connection.py", line 198, in _new_conn
    sock = connection.create_connection(
        (self._dns_host, self.port),
    ...<2 lines>...
        socket_options=self.socket_options,
    )
  File "/Users/lukas/projects/sp500_leverage_vs_non_leverage/.venv/lib/python3.13/site-packages/urllib3/util/connection.py", line 60, in create_connection
    for res in socket.getaddrinfo(host, port, family, socket.SOCK_STREAM):
               ~~~~~~~~~~~~~~~~~~^^^^^^^^^^^^^^^^^^^^^^^^^^^^^^^^^^^^^^^^
  File "/Library/Frameworks/Python.framework/Versions/3.13/lib/python3.13/socket.py", line 975, in getaddrinfo
    for res in _socket.getaddrinfo(host, port, family, type, proto, flags):
               ~~~~~~~~~~~~~~~~~~~^^^^^^^^^^^^^^^^^^^^^^^^^^^^^^^^^^^^^^^^
socket.gaierror: [Errno 8] nodename nor servname provided, or not known

The above exception was the direct cause of the following exception:

Traceback (most recent call last):
  File "/Users/lukas/projects/sp500_leverage_vs_non_leverage/.venv/lib/python3.13/site-packages/urllib3/connectionpool.py", line 787, in urlopen
    response = self._make_request(
        conn,
    ...<10 lines>...
        **response_kw,
    )
  File "/Users/lukas/projects/sp500_leverage_vs_non_leverage/.venv/lib/python3.13/site-packages/urllib3/connectionpool.py", line 488, in _make_request
    raise new_e
  File "/Users/lukas/projects/sp500_leverage_vs_non_leverage/.venv/lib/python3.13/site-packages/urllib3/connectionpool.py", line 464, in _make_request
    self._validate_conn(conn)
    ~~~~~~~~~~~~~~~~~~~^^^^^^
  File "/Users/lukas/projects/sp500_leverage_vs_non_leverage/.venv/lib/python3.13/site-packages/urllib3/connectionpool.py", line 1093, in _validate_conn
    conn.connect()
    ~~~~~~~~~~~~^^
  File "/Users/lukas/projects/sp500_leverage_vs_non_leverage/.venv/lib/python3.13/site-packages/urllib3/connection.py", line 753, in connect
    self.sock = sock = self._new_conn()
                       ~~~~~~~~~~~~~~^^
  File "/Users/lukas/projects/sp500_leverage_vs_non_leverage/.venv/lib/python3.13/site-packages/urllib3/connection.py", line 205, in _new_conn
    raise NameResolutionError(self.host, self, e) from e
urllib3.exceptions.NameResolutionError: <urllib3.connection.HTTPSConnection object at 0x1033ca270>: Failed to resolve 'demo.trading212.com' ([Errno 8] nodename nor servname provided, or not known)

The above exception was the direct cause of the following exception:

Traceback (most recent call last):
  File "/Users/lukas/projects/sp500_leverage_vs_non_leverage/.venv/lib/python3.13/site-packages/requests/adapters.py", line 644, in send
    resp = conn.urlopen(
        method=request.method,
    ...<9 lines>...
        chunked=chunked,
    )
  File "/Users/lukas/projects/sp500_leverage_vs_non_leverage/.venv/lib/python3.13/site-packages/urllib3/connectionpool.py", line 841, in urlopen
    retries = retries.increment(
        method, url, error=new_e, _pool=self, _stacktrace=sys.exc_info()[2]
    )
  File "/Users/lukas/projects/sp500_leverage_vs_non_leverage/.venv/lib/python3.13/site-packages/urllib3/util/retry.py", line 519, in increment
    raise MaxRetryError(_pool, url, reason) from reason  # type: ignore[arg-type]
    ^^^^^^^^^^^^^^^^^^^^^^^^^^^^^^^^^^^^^^^^^^^^^^^^^^^
urllib3.exceptions.MaxRetryError: HTTPSConnectionPool(host='demo.trading212.com', port=443): Max retries exceeded with url: /api/v0/equity/metadata/instruments (Caused by NameResolutionError("<urllib3.connection.HTTPSConnection object at 0x1033ca270>: Failed to resolve 'demo.trading212.com' ([Errno 8] nodename nor servname provided, or not known)"))

During handling of the above exception, another exception occurred:

Traceback (most recent call last):
  File "/Users/lukas/projects/sp500_leverage_vs_non_leverage/main.py", line 19, in <module>
    response = requests.get(url, headers=headers)
  File "/Users/lukas/projects/sp500_leverage_vs_non_leverage/.venv/lib/python3.13/site-packages/requests/api.py", line 73, in get
    return request("get", url, params=params, **kwargs)
  File "/Users/lukas/projects/sp500_leverage_vs_non_leverage/.venv/lib/python3.13/site-packages/requests/api.py", line 59, in request
    return session.request(method=method, url=url, **kwargs)
           ~~~~~~~~~~~~~~~^^^^^^^^^^^^^^^^^^^^^^^^^^^^^^^^^^
  File "/Users/lukas/projects/sp500_leverage_vs_non_leverage/.venv/lib/python3.13/site-packages/requests/sessions.py", line 589, in request
    resp = self.send(prep, **send_kwargs)
  File "/Users/lukas/projects/sp500_leverage_vs_non_leverage/.venv/lib/python3.13/site-packages/requests/sessions.py", line 703, in send
    r = adapter.send(request, **kwargs)
  File "/Users/lukas/projects/sp500_leverage_vs_non_leverage/.venv/lib/python3.13/site-packages/requests/adapters.py", line 677, in send
    raise ConnectionError(e, request=request)
requests.exceptions.ConnectionError: HTTPSConnectionPool(host='demo.trading212.com', port=443): Max retries exceeded with url: /api/v0/equity/metadata/instruments (Caused by NameResolutionError("<urllib3.connection.HTTPSConnection object at 0x1033ca270>: Failed to resolve 'demo.trading212.com' ([Errno 8] nodename nor servname provided, or not known)"))
Traceback (most recent call last):
  File "/Users/lukas/projects/sp500_leverage_vs_non_leverage/main.py", line 48, in <module>
    positions = [Position(**i) for i in response.json()]
                 ~~~~~~~~^^^^^
TypeError: models.Position() argument after ** must be a mapping, not str
Traceback (most recent call last):
  File "/Users/lukas/projects/sp500_leverage_vs_non_leverage/main.py", line 48, in <module>
    positions = [Position(**i) for i in response.json()]
                 ~~~~~~~~^^^^^
TypeError: models.Position() argument after ** must be a mapping, not str
Traceback (most recent call last):
  File "/Users/lukas/projects/sp500_leverage_vs_non_leverage/main.py", line 20, in <module>
    response.raise_for_status()
    ~~~~~~~~~~~~~~~~~~~~~~~~~^^
  File "/Users/lukas/projects/sp500_leverage_vs_non_leverage/.venv/lib/python3.13/site-packages/requests/models.py", line 1026, in raise_for_status
    raise HTTPError(http_error_msg, response=self)
requests.exceptions.HTTPError: 429 Client Error: Too Many Requests for url: https://demo.trading212.com/api/v0/equity/metadata/instruments
Traceback (most recent call last):
  File "/Users/lukas/projects/sp500_leverage_vs_non_leverage/main.py", line 20, in <module>
    response.raise_for_status()
    ~~~~~~~~~~~~~~~~~~~~~~~~~^^
  File "/Users/lukas/projects/sp500_leverage_vs_non_leverage/.venv/lib/python3.13/site-packages/requests/models.py", line 1026, in raise_for_status
    raise HTTPError(http_error_msg, response=self)
requests.exceptions.HTTPError: 429 Client Error: Too Many Requests for url: https://demo.trading212.com/api/v0/equity/metadata/instruments
Traceback (most recent call last):
  File "/Users/lukas/projects/sp500_leverage_vs_non_leverage/main.py", line 20, in <module>
    response.raise_for_status()
    ~~~~~~~~~~~~~~~~~~~~~~~~~^^
  File "/Users/lukas/projects/sp500_leverage_vs_non_leverage/.venv/lib/python3.13/site-packages/requests/models.py", line 1026, in raise_for_status
    raise HTTPError(http_error_msg, response=self)
requests.exceptions.HTTPError: 429 Client Error: Too Many Requests for url: https://demo.trading212.com/api/v0/equity/metadata/instruments
Traceback (most recent call last):
  File "/Users/lukas/projects/sp500_leverage_vs_non_leverage/main.py", line 20, in <module>
    response.raise_for_status()
    ~~~~~~~~~~~~~~~~~~~~~~~~~^^
  File "/Users/lukas/projects/sp500_leverage_vs_non_leverage/.venv/lib/python3.13/site-packages/requests/models.py", line 1026, in raise_for_status
    raise HTTPError(http_error_msg, response=self)
requests.exceptions.HTTPError: 429 Client Error: Too Many Requests for url: https://demo.trading212.com/api/v0/equity/metadata/instruments
Traceback (most recent call last):
  File "/Users/lukas/projects/sp500_leverage_vs_non_leverage/main.py", line 48, in <module>
    positions = [Position(**i) for i in response.json()]
                 ~~~~~~~~^^^^^
TypeError: models.Position() argument after ** must be a mapping, not str
Traceback (most recent call last):
  File "/Users/lukas/projects/sp500_leverage_vs_non_leverage/main.py", line 48, in <module>
    positions = [Position(**i) for i in response.json()]
                 ~~~~~~~~^^^^^
TypeError: models.Position() argument after ** must be a mapping, not str
Traceback (most recent call last):
  File "/Users/lukas/projects/sp500_leverage_vs_non_leverage/main.py", line 20, in <module>
    response.raise_for_status()
    ~~~~~~~~~~~~~~~~~~~~~~~~~^^
  File "/Users/lukas/projects/sp500_leverage_vs_non_leverage/.venv/lib/python3.13/site-packages/requests/models.py", line 1026, in raise_for_status
    raise HTTPError(http_error_msg, response=self)
requests.exceptions.HTTPError: 429 Client Error: Too Many Requests for url: https://demo.trading212.com/api/v0/equity/metadata/instruments
Traceback (most recent call last):
  File "/Users/lukas/projects/sp500_leverage_vs_non_leverage/main.py", line 20, in <module>
    response.raise_for_status()
    ~~~~~~~~~~~~~~~~~~~~~~~~~^^
  File "/Users/lukas/projects/sp500_leverage_vs_non_leverage/.venv/lib/python3.13/site-packages/requests/models.py", line 1026, in raise_for_status
    raise HTTPError(http_error_msg, response=self)
requests.exceptions.HTTPError: 429 Client Error: Too Many Requests for url: https://demo.trading212.com/api/v0/equity/metadata/instruments
Traceback (most recent call last):
  File "/Users/lukas/projects/sp500_leverage_vs_non_leverage/main.py", line 20, in <module>
    response.raise_for_status()
    ~~~~~~~~~~~~~~~~~~~~~~~~~^^
  File "/Users/lukas/projects/sp500_leverage_vs_non_leverage/.venv/lib/python3.13/site-packages/requests/models.py", line 1026, in raise_for_status
    raise HTTPError(http_error_msg, response=self)
requests.exceptions.HTTPError: 429 Client Error: Too Many Requests for url: https://demo.trading212.com/api/v0/equity/metadata/instruments
Traceback (most recent call last):
  File "/Users/lukas/projects/sp500_leverage_vs_non_leverage/main.py", line 20, in <module>
    response.raise_for_status()
    ~~~~~~~~~~~~~~~~~~~~~~~~~^^
  File "/Users/lukas/projects/sp500_leverage_vs_non_leverage/.venv/lib/python3.13/site-packages/requests/models.py", line 1026, in raise_for_status
    raise HTTPError(http_error_msg, response=self)
requests.exceptions.HTTPError: 429 Client Error: Too Many Requests for url: https://demo.trading212.com/api/v0/equity/metadata/instruments
Traceback (most recent call last):
  File "/Users/lukas/projects/sp500_leverage_vs_non_leverage/main.py", line 48, in <module>
    positions = [Position(**i) for i in response.json()]
                 ~~~~~~~~^^^^^
TypeError: models.Position() argument after ** must be a mapping, not str
Traceback (most recent call last):
  File "/Users/lukas/projects/sp500_leverage_vs_non_leverage/main.py", line 48, in <module>
    positions = [Position(**i) for i in response.json()]
                 ~~~~~~~~^^^^^
TypeError: models.Position() argument after ** must be a mapping, not str
Traceback (most recent call last):
  File "/Users/lukas/projects/sp500_leverage_vs_non_leverage/main.py", line 20, in <module>
    response.raise_for_status()
    ~~~~~~~~~~~~~~~~~~~~~~~~~^^
  File "/Users/lukas/projects/sp500_leverage_vs_non_leverage/.venv/lib/python3.13/site-packages/requests/models.py", line 1026, in raise_for_status
    raise HTTPError(http_error_msg, response=self)
requests.exceptions.HTTPError: 429 Client Error: Too Many Requests for url: https://demo.trading212.com/api/v0/equity/metadata/instruments
Traceback (most recent call last):
  File "/Users/lukas/projects/sp500_leverage_vs_non_leverage/main.py", line 20, in <module>
    response.raise_for_status()
    ~~~~~~~~~~~~~~~~~~~~~~~~~^^
  File "/Users/lukas/projects/sp500_leverage_vs_non_leverage/.venv/lib/python3.13/site-packages/requests/models.py", line 1026, in raise_for_status
    raise HTTPError(http_error_msg, response=self)
requests.exceptions.HTTPError: 429 Client Error: Too Many Requests for url: https://demo.trading212.com/api/v0/equity/metadata/instruments
Traceback (most recent call last):
  File "/Users/lukas/projects/sp500_leverage_vs_non_leverage/main.py", line 20, in <module>
    response.raise_for_status()
    ~~~~~~~~~~~~~~~~~~~~~~~~~^^
  File "/Users/lukas/projects/sp500_leverage_vs_non_leverage/.venv/lib/python3.13/site-packages/requests/models.py", line 1026, in raise_for_status
    raise HTTPError(http_error_msg, response=self)
requests.exceptions.HTTPError: 429 Client Error: Too Many Requests for url: https://demo.trading212.com/api/v0/equity/metadata/instruments
Traceback (most recent call last):
  File "/Users/lukas/projects/sp500_leverage_vs_non_leverage/main.py", line 20, in <module>
    response.raise_for_status()
    ~~~~~~~~~~~~~~~~~~~~~~~~~^^
  File "/Users/lukas/projects/sp500_leverage_vs_non_leverage/.venv/lib/python3.13/site-packages/requests/models.py", line 1026, in raise_for_status
    raise HTTPError(http_error_msg, response=self)
requests.exceptions.HTTPError: 429 Client Error: Too Many Requests for url: https://demo.trading212.com/api/v0/equity/metadata/instruments
Traceback (most recent call last):
  File "/Users/lukas/projects/sp500_leverage_vs_non_leverage/main.py", line 48, in <module>
    positions = [Position(**i) for i in response.json()]
                 ~~~~~~~~^^^^^
TypeError: models.Position() argument after ** must be a mapping, not str
Traceback (most recent call last):
  File "/Users/lukas/projects/sp500_leverage_vs_non_leverage/main.py", line 48, in <module>
    positions = [Position(**i) for i in response.json()]
                 ~~~~~~~~^^^^^
TypeError: models.Position() argument after ** must be a mapping, not str
Traceback (most recent call last):
  File "/Users/lukas/projects/sp500_leverage_vs_non_leverage/main.py", line 20, in <module>
    response.raise_for_status()
    ~~~~~~~~~~~~~~~~~~~~~~~~~^^
  File "/Users/lukas/projects/sp500_leverage_vs_non_leverage/.venv/lib/python3.13/site-packages/requests/models.py", line 1026, in raise_for_status
    raise HTTPError(http_error_msg, response=self)
requests.exceptions.HTTPError: 429 Client Error: Too Many Requests for url: https://demo.trading212.com/api/v0/equity/metadata/instruments
Traceback (most recent call last):
  File "/Users/lukas/projects/sp500_leverage_vs_non_leverage/main.py", line 20, in <module>
    response.raise_for_status()
    ~~~~~~~~~~~~~~~~~~~~~~~~~^^
  File "/Users/lukas/projects/sp500_leverage_vs_non_leverage/.venv/lib/python3.13/site-packages/requests/models.py", line 1026, in raise_for_status
    raise HTTPError(http_error_msg, response=self)
requests.exceptions.HTTPError: 429 Client Error: Too Many Requests for url: https://demo.trading212.com/api/v0/equity/metadata/instruments
Traceback (most recent call last):
  File "/Users/lukas/projects/sp500_leverage_vs_non_leverage/main.py", line 20, in <module>
    response.raise_for_status()
    ~~~~~~~~~~~~~~~~~~~~~~~~~^^
  File "/Users/lukas/projects/sp500_leverage_vs_non_leverage/.venv/lib/python3.13/site-packages/requests/models.py", line 1026, in raise_for_status
    raise HTTPError(http_error_msg, response=self)
requests.exceptions.HTTPError: 429 Client Error: Too Many Requests for url: https://demo.trading212.com/api/v0/equity/metadata/instruments
Traceback (most recent call last):
  File "/Users/lukas/projects/sp500_leverage_vs_non_leverage/.venv/lib/python3.13/site-packages/urllib3/connection.py", line 198, in _new_conn
    sock = connection.create_connection(
        (self._dns_host, self.port),
    ...<2 lines>...
        socket_options=self.socket_options,
    )
  File "/Users/lukas/projects/sp500_leverage_vs_non_leverage/.venv/lib/python3.13/site-packages/urllib3/util/connection.py", line 60, in create_connection
    for res in socket.getaddrinfo(host, port, family, socket.SOCK_STREAM):
               ~~~~~~~~~~~~~~~~~~^^^^^^^^^^^^^^^^^^^^^^^^^^^^^^^^^^^^^^^^
  File "/Library/Frameworks/Python.framework/Versions/3.13/lib/python3.13/socket.py", line 975, in getaddrinfo
    for res in _socket.getaddrinfo(host, port, family, type, proto, flags):
               ~~~~~~~~~~~~~~~~~~~^^^^^^^^^^^^^^^^^^^^^^^^^^^^^^^^^^^^^^^^
socket.gaierror: [Errno 8] nodename nor servname provided, or not known

The above exception was the direct cause of the following exception:

Traceback (most recent call last):
  File "/Users/lukas/projects/sp500_leverage_vs_non_leverage/.venv/lib/python3.13/site-packages/urllib3/connectionpool.py", line 787, in urlopen
    response = self._make_request(
        conn,
    ...<10 lines>...
        **response_kw,
    )
  File "/Users/lukas/projects/sp500_leverage_vs_non_leverage/.venv/lib/python3.13/site-packages/urllib3/connectionpool.py", line 488, in _make_request
    raise new_e
  File "/Users/lukas/projects/sp500_leverage_vs_non_leverage/.venv/lib/python3.13/site-packages/urllib3/connectionpool.py", line 464, in _make_request
    self._validate_conn(conn)
    ~~~~~~~~~~~~~~~~~~~^^^^^^
  File "/Users/lukas/projects/sp500_leverage_vs_non_leverage/.venv/lib/python3.13/site-packages/urllib3/connectionpool.py", line 1093, in _validate_conn
    conn.connect()
    ~~~~~~~~~~~~^^
  File "/Users/lukas/projects/sp500_leverage_vs_non_leverage/.venv/lib/python3.13/site-packages/urllib3/connection.py", line 753, in connect
    self.sock = sock = self._new_conn()
                       ~~~~~~~~~~~~~~^^
  File "/Users/lukas/projects/sp500_leverage_vs_non_leverage/.venv/lib/python3.13/site-packages/urllib3/connection.py", line 205, in _new_conn
    raise NameResolutionError(self.host, self, e) from e
urllib3.exceptions.NameResolutionError: <urllib3.connection.HTTPSConnection object at 0x106d46270>: Failed to resolve 'demo.trading212.com' ([Errno 8] nodename nor servname provided, or not known)

The above exception was the direct cause of the following exception:

Traceback (most recent call last):
  File "/Users/lukas/projects/sp500_leverage_vs_non_leverage/.venv/lib/python3.13/site-packages/requests/adapters.py", line 644, in send
    resp = conn.urlopen(
        method=request.method,
    ...<9 lines>...
        chunked=chunked,
    )
  File "/Users/lukas/projects/sp500_leverage_vs_non_leverage/.venv/lib/python3.13/site-packages/urllib3/connectionpool.py", line 841, in urlopen
    retries = retries.increment(
        method, url, error=new_e, _pool=self, _stacktrace=sys.exc_info()[2]
    )
  File "/Users/lukas/projects/sp500_leverage_vs_non_leverage/.venv/lib/python3.13/site-packages/urllib3/util/retry.py", line 519, in increment
    raise MaxRetryError(_pool, url, reason) from reason  # type: ignore[arg-type]
    ^^^^^^^^^^^^^^^^^^^^^^^^^^^^^^^^^^^^^^^^^^^^^^^^^^^
urllib3.exceptions.MaxRetryError: HTTPSConnectionPool(host='demo.trading212.com', port=443): Max retries exceeded with url: /api/v0/equity/metadata/instruments (Caused by NameResolutionError("<urllib3.connection.HTTPSConnection object at 0x106d46270>: Failed to resolve 'demo.trading212.com' ([Errno 8] nodename nor servname provided, or not known)"))

During handling of the above exception, another exception occurred:

Traceback (most recent call last):
  File "/Users/lukas/projects/sp500_leverage_vs_non_leverage/main.py", line 19, in <module>
    response = requests.get(url, headers=headers)
  File "/Users/lukas/projects/sp500_leverage_vs_non_leverage/.venv/lib/python3.13/site-packages/requests/api.py", line 73, in get
    return request("get", url, params=params, **kwargs)
  File "/Users/lukas/projects/sp500_leverage_vs_non_leverage/.venv/lib/python3.13/site-packages/requests/api.py", line 59, in request
    return session.request(method=method, url=url, **kwargs)
           ~~~~~~~~~~~~~~~^^^^^^^^^^^^^^^^^^^^^^^^^^^^^^^^^^
  File "/Users/lukas/projects/sp500_leverage_vs_non_leverage/.venv/lib/python3.13/site-packages/requests/sessions.py", line 589, in request
    resp = self.send(prep, **send_kwargs)
  File "/Users/lukas/projects/sp500_leverage_vs_non_leverage/.venv/lib/python3.13/site-packages/requests/sessions.py", line 703, in send
    r = adapter.send(request, **kwargs)
  File "/Users/lukas/projects/sp500_leverage_vs_non_leverage/.venv/lib/python3.13/site-packages/requests/adapters.py", line 677, in send
    raise ConnectionError(e, request=request)
requests.exceptions.ConnectionError: HTTPSConnectionPool(host='demo.trading212.com', port=443): Max retries exceeded with url: /api/v0/equity/metadata/instruments (Caused by NameResolutionError("<urllib3.connection.HTTPSConnection object at 0x106d46270>: Failed to resolve 'demo.trading212.com' ([Errno 8] nodename nor servname provided, or not known)"))
Traceback (most recent call last):
  File "/Users/lukas/projects/sp500_leverage_vs_non_leverage/.venv/lib/python3.13/site-packages/urllib3/connection.py", line 198, in _new_conn
    sock = connection.create_connection(
        (self._dns_host, self.port),
    ...<2 lines>...
        socket_options=self.socket_options,
    )
  File "/Users/lukas/projects/sp500_leverage_vs_non_leverage/.venv/lib/python3.13/site-packages/urllib3/util/connection.py", line 60, in create_connection
    for res in socket.getaddrinfo(host, port, family, socket.SOCK_STREAM):
               ~~~~~~~~~~~~~~~~~~^^^^^^^^^^^^^^^^^^^^^^^^^^^^^^^^^^^^^^^^
  File "/Library/Frameworks/Python.framework/Versions/3.13/lib/python3.13/socket.py", line 975, in getaddrinfo
    for res in _socket.getaddrinfo(host, port, family, type, proto, flags):
               ~~~~~~~~~~~~~~~~~~~^^^^^^^^^^^^^^^^^^^^^^^^^^^^^^^^^^^^^^^^
socket.gaierror: [Errno 8] nodename nor servname provided, or not known

The above exception was the direct cause of the following exception:

Traceback (most recent call last):
  File "/Users/lukas/projects/sp500_leverage_vs_non_leverage/.venv/lib/python3.13/site-packages/urllib3/connectionpool.py", line 787, in urlopen
    response = self._make_request(
        conn,
    ...<10 lines>...
        **response_kw,
    )
  File "/Users/lukas/projects/sp500_leverage_vs_non_leverage/.venv/lib/python3.13/site-packages/urllib3/connectionpool.py", line 488, in _make_request
    raise new_e
  File "/Users/lukas/projects/sp500_leverage_vs_non_leverage/.venv/lib/python3.13/site-packages/urllib3/connectionpool.py", line 464, in _make_request
    self._validate_conn(conn)
    ~~~~~~~~~~~~~~~~~~~^^^^^^
  File "/Users/lukas/projects/sp500_leverage_vs_non_leverage/.venv/lib/python3.13/site-packages/urllib3/connectionpool.py", line 1093, in _validate_conn
    conn.connect()
    ~~~~~~~~~~~~^^
  File "/Users/lukas/projects/sp500_leverage_vs_non_leverage/.venv/lib/python3.13/site-packages/urllib3/connection.py", line 753, in connect
    self.sock = sock = self._new_conn()
                       ~~~~~~~~~~~~~~^^
  File "/Users/lukas/projects/sp500_leverage_vs_non_leverage/.venv/lib/python3.13/site-packages/urllib3/connection.py", line 205, in _new_conn
    raise NameResolutionError(self.host, self, e) from e
urllib3.exceptions.NameResolutionError: <urllib3.connection.HTTPSConnection object at 0x1049fe270>: Failed to resolve 'demo.trading212.com' ([Errno 8] nodename nor servname provided, or not known)

The above exception was the direct cause of the following exception:

Traceback (most recent call last):
  File "/Users/lukas/projects/sp500_leverage_vs_non_leverage/.venv/lib/python3.13/site-packages/requests/adapters.py", line 644, in send
    resp = conn.urlopen(
        method=request.method,
    ...<9 lines>...
        chunked=chunked,
    )
  File "/Users/lukas/projects/sp500_leverage_vs_non_leverage/.venv/lib/python3.13/site-packages/urllib3/connectionpool.py", line 841, in urlopen
    retries = retries.increment(
        method, url, error=new_e, _pool=self, _stacktrace=sys.exc_info()[2]
    )
  File "/Users/lukas/projects/sp500_leverage_vs_non_leverage/.venv/lib/python3.13/site-packages/urllib3/util/retry.py", line 519, in increment
    raise MaxRetryError(_pool, url, reason) from reason  # type: ignore[arg-type]
    ^^^^^^^^^^^^^^^^^^^^^^^^^^^^^^^^^^^^^^^^^^^^^^^^^^^
urllib3.exceptions.MaxRetryError: HTTPSConnectionPool(host='demo.trading212.com', port=443): Max retries exceeded with url: /api/v0/equity/metadata/instruments (Caused by NameResolutionError("<urllib3.connection.HTTPSConnection object at 0x1049fe270>: Failed to resolve 'demo.trading212.com' ([Errno 8] nodename nor servname provided, or not known)"))

During handling of the above exception, another exception occurred:

Traceback (most recent call last):
  File "/Users/lukas/projects/sp500_leverage_vs_non_leverage/main.py", line 19, in <module>
    response = requests.get(url, headers=headers)
  File "/Users/lukas/projects/sp500_leverage_vs_non_leverage/.venv/lib/python3.13/site-packages/requests/api.py", line 73, in get
    return request("get", url, params=params, **kwargs)
  File "/Users/lukas/projects/sp500_leverage_vs_non_leverage/.venv/lib/python3.13/site-packages/requests/api.py", line 59, in request
    return session.request(method=method, url=url, **kwargs)
           ~~~~~~~~~~~~~~~^^^^^^^^^^^^^^^^^^^^^^^^^^^^^^^^^^
  File "/Users/lukas/projects/sp500_leverage_vs_non_leverage/.venv/lib/python3.13/site-packages/requests/sessions.py", line 589, in request
    resp = self.send(prep, **send_kwargs)
  File "/Users/lukas/projects/sp500_leverage_vs_non_leverage/.venv/lib/python3.13/site-packages/requests/sessions.py", line 703, in send
    r = adapter.send(request, **kwargs)
  File "/Users/lukas/projects/sp500_leverage_vs_non_leverage/.venv/lib/python3.13/site-packages/requests/adapters.py", line 677, in send
    raise ConnectionError(e, request=request)
requests.exceptions.ConnectionError: HTTPSConnectionPool(host='demo.trading212.com', port=443): Max retries exceeded with url: /api/v0/equity/metadata/instruments (Caused by NameResolutionError("<urllib3.connection.HTTPSConnection object at 0x1049fe270>: Failed to resolve 'demo.trading212.com' ([Errno 8] nodename nor servname provided, or not known)"))
Traceback (most recent call last):
  File "/Users/lukas/projects/sp500_leverage_vs_non_leverage/.venv/lib/python3.13/site-packages/urllib3/connection.py", line 198, in _new_conn
    sock = connection.create_connection(
        (self._dns_host, self.port),
    ...<2 lines>...
        socket_options=self.socket_options,
    )
  File "/Users/lukas/projects/sp500_leverage_vs_non_leverage/.venv/lib/python3.13/site-packages/urllib3/util/connection.py", line 60, in create_connection
    for res in socket.getaddrinfo(host, port, family, socket.SOCK_STREAM):
               ~~~~~~~~~~~~~~~~~~^^^^^^^^^^^^^^^^^^^^^^^^^^^^^^^^^^^^^^^^
  File "/Library/Frameworks/Python.framework/Versions/3.13/lib/python3.13/socket.py", line 975, in getaddrinfo
    for res in _socket.getaddrinfo(host, port, family, type, proto, flags):
               ~~~~~~~~~~~~~~~~~~~^^^^^^^^^^^^^^^^^^^^^^^^^^^^^^^^^^^^^^^^
socket.gaierror: [Errno 8] nodename nor servname provided, or not known

The above exception was the direct cause of the following exception:

Traceback (most recent call last):
  File "/Users/lukas/projects/sp500_leverage_vs_non_leverage/.venv/lib/python3.13/site-packages/urllib3/connectionpool.py", line 787, in urlopen
    response = self._make_request(
        conn,
    ...<10 lines>...
        **response_kw,
    )
  File "/Users/lukas/projects/sp500_leverage_vs_non_leverage/.venv/lib/python3.13/site-packages/urllib3/connectionpool.py", line 488, in _make_request
    raise new_e
  File "/Users/lukas/projects/sp500_leverage_vs_non_leverage/.venv/lib/python3.13/site-packages/urllib3/connectionpool.py", line 464, in _make_request
    self._validate_conn(conn)
    ~~~~~~~~~~~~~~~~~~~^^^^^^
  File "/Users/lukas/projects/sp500_leverage_vs_non_leverage/.venv/lib/python3.13/site-packages/urllib3/connectionpool.py", line 1093, in _validate_conn
    conn.connect()
    ~~~~~~~~~~~~^^
  File "/Users/lukas/projects/sp500_leverage_vs_non_leverage/.venv/lib/python3.13/site-packages/urllib3/connection.py", line 753, in connect
    self.sock = sock = self._new_conn()
                       ~~~~~~~~~~~~~~^^
  File "/Users/lukas/projects/sp500_leverage_vs_non_leverage/.venv/lib/python3.13/site-packages/urllib3/connection.py", line 205, in _new_conn
    raise NameResolutionError(self.host, self, e) from e
urllib3.exceptions.NameResolutionError: <urllib3.connection.HTTPSConnection object at 0x107912270>: Failed to resolve 'demo.trading212.com' ([Errno 8] nodename nor servname provided, or not known)

The above exception was the direct cause of the following exception:

Traceback (most recent call last):
  File "/Users/lukas/projects/sp500_leverage_vs_non_leverage/.venv/lib/python3.13/site-packages/requests/adapters.py", line 644, in send
    resp = conn.urlopen(
        method=request.method,
    ...<9 lines>...
        chunked=chunked,
    )
  File "/Users/lukas/projects/sp500_leverage_vs_non_leverage/.venv/lib/python3.13/site-packages/urllib3/connectionpool.py", line 841, in urlopen
    retries = retries.increment(
        method, url, error=new_e, _pool=self, _stacktrace=sys.exc_info()[2]
    )
  File "/Users/lukas/projects/sp500_leverage_vs_non_leverage/.venv/lib/python3.13/site-packages/urllib3/util/retry.py", line 519, in increment
    raise MaxRetryError(_pool, url, reason) from reason  # type: ignore[arg-type]
    ^^^^^^^^^^^^^^^^^^^^^^^^^^^^^^^^^^^^^^^^^^^^^^^^^^^
urllib3.exceptions.MaxRetryError: HTTPSConnectionPool(host='demo.trading212.com', port=443): Max retries exceeded with url: /api/v0/equity/metadata/instruments (Caused by NameResolutionError("<urllib3.connection.HTTPSConnection object at 0x107912270>: Failed to resolve 'demo.trading212.com' ([Errno 8] nodename nor servname provided, or not known)"))

During handling of the above exception, another exception occurred:

Traceback (most recent call last):
  File "/Users/lukas/projects/sp500_leverage_vs_non_leverage/main.py", line 19, in <module>
    response = requests.get(url, headers=headers)
  File "/Users/lukas/projects/sp500_leverage_vs_non_leverage/.venv/lib/python3.13/site-packages/requests/api.py", line 73, in get
    return request("get", url, params=params, **kwargs)
  File "/Users/lukas/projects/sp500_leverage_vs_non_leverage/.venv/lib/python3.13/site-packages/requests/api.py", line 59, in request
    return session.request(method=method, url=url, **kwargs)
           ~~~~~~~~~~~~~~~^^^^^^^^^^^^^^^^^^^^^^^^^^^^^^^^^^
  File "/Users/lukas/projects/sp500_leverage_vs_non_leverage/.venv/lib/python3.13/site-packages/requests/sessions.py", line 589, in request
    resp = self.send(prep, **send_kwargs)
  File "/Users/lukas/projects/sp500_leverage_vs_non_leverage/.venv/lib/python3.13/site-packages/requests/sessions.py", line 703, in send
    r = adapter.send(request, **kwargs)
  File "/Users/lukas/projects/sp500_leverage_vs_non_leverage/.venv/lib/python3.13/site-packages/requests/adapters.py", line 677, in send
    raise ConnectionError(e, request=request)
requests.exceptions.ConnectionError: HTTPSConnectionPool(host='demo.trading212.com', port=443): Max retries exceeded with url: /api/v0/equity/metadata/instruments (Caused by NameResolutionError("<urllib3.connection.HTTPSConnection object at 0x107912270>: Failed to resolve 'demo.trading212.com' ([Errno 8] nodename nor servname provided, or not known)"))
Traceback (most recent call last):
  File "/Users/lukas/projects/sp500_leverage_vs_non_leverage/.venv/lib/python3.13/site-packages/urllib3/connection.py", line 198, in _new_conn
    sock = connection.create_connection(
        (self._dns_host, self.port),
    ...<2 lines>...
        socket_options=self.socket_options,
    )
  File "/Users/lukas/projects/sp500_leverage_vs_non_leverage/.venv/lib/python3.13/site-packages/urllib3/util/connection.py", line 60, in create_connection
    for res in socket.getaddrinfo(host, port, family, socket.SOCK_STREAM):
               ~~~~~~~~~~~~~~~~~~^^^^^^^^^^^^^^^^^^^^^^^^^^^^^^^^^^^^^^^^
  File "/Library/Frameworks/Python.framework/Versions/3.13/lib/python3.13/socket.py", line 975, in getaddrinfo
    for res in _socket.getaddrinfo(host, port, family, type, proto, flags):
               ~~~~~~~~~~~~~~~~~~~^^^^^^^^^^^^^^^^^^^^^^^^^^^^^^^^^^^^^^^^
socket.gaierror: [Errno 8] nodename nor servname provided, or not known

The above exception was the direct cause of the following exception:

Traceback (most recent call last):
  File "/Users/lukas/projects/sp500_leverage_vs_non_leverage/.venv/lib/python3.13/site-packages/urllib3/connectionpool.py", line 787, in urlopen
    response = self._make_request(
        conn,
    ...<10 lines>...
        **response_kw,
    )
  File "/Users/lukas/projects/sp500_leverage_vs_non_leverage/.venv/lib/python3.13/site-packages/urllib3/connectionpool.py", line 488, in _make_request
    raise new_e
  File "/Users/lukas/projects/sp500_leverage_vs_non_leverage/.venv/lib/python3.13/site-packages/urllib3/connectionpool.py", line 464, in _make_request
    self._validate_conn(conn)
    ~~~~~~~~~~~~~~~~~~~^^^^^^
  File "/Users/lukas/projects/sp500_leverage_vs_non_leverage/.venv/lib/python3.13/site-packages/urllib3/connectionpool.py", line 1093, in _validate_conn
    conn.connect()
    ~~~~~~~~~~~~^^
  File "/Users/lukas/projects/sp500_leverage_vs_non_leverage/.venv/lib/python3.13/site-packages/urllib3/connection.py", line 753, in connect
    self.sock = sock = self._new_conn()
                       ~~~~~~~~~~~~~~^^
  File "/Users/lukas/projects/sp500_leverage_vs_non_leverage/.venv/lib/python3.13/site-packages/urllib3/connection.py", line 205, in _new_conn
    raise NameResolutionError(self.host, self, e) from e
urllib3.exceptions.NameResolutionError: <urllib3.connection.HTTPSConnection object at 0x105312270>: Failed to resolve 'demo.trading212.com' ([Errno 8] nodename nor servname provided, or not known)

The above exception was the direct cause of the following exception:

Traceback (most recent call last):
  File "/Users/lukas/projects/sp500_leverage_vs_non_leverage/.venv/lib/python3.13/site-packages/requests/adapters.py", line 644, in send
    resp = conn.urlopen(
        method=request.method,
    ...<9 lines>...
        chunked=chunked,
    )
  File "/Users/lukas/projects/sp500_leverage_vs_non_leverage/.venv/lib/python3.13/site-packages/urllib3/connectionpool.py", line 841, in urlopen
    retries = retries.increment(
        method, url, error=new_e, _pool=self, _stacktrace=sys.exc_info()[2]
    )
  File "/Users/lukas/projects/sp500_leverage_vs_non_leverage/.venv/lib/python3.13/site-packages/urllib3/util/retry.py", line 519, in increment
    raise MaxRetryError(_pool, url, reason) from reason  # type: ignore[arg-type]
    ^^^^^^^^^^^^^^^^^^^^^^^^^^^^^^^^^^^^^^^^^^^^^^^^^^^
urllib3.exceptions.MaxRetryError: HTTPSConnectionPool(host='demo.trading212.com', port=443): Max retries exceeded with url: /api/v0/equity/metadata/instruments (Caused by NameResolutionError("<urllib3.connection.HTTPSConnection object at 0x105312270>: Failed to resolve 'demo.trading212.com' ([Errno 8] nodename nor servname provided, or not known)"))

During handling of the above exception, another exception occurred:

Traceback (most recent call last):
  File "/Users/lukas/projects/sp500_leverage_vs_non_leverage/main.py", line 19, in <module>
    response = requests.get(url, headers=headers)
  File "/Users/lukas/projects/sp500_leverage_vs_non_leverage/.venv/lib/python3.13/site-packages/requests/api.py", line 73, in get
    return request("get", url, params=params, **kwargs)
  File "/Users/lukas/projects/sp500_leverage_vs_non_leverage/.venv/lib/python3.13/site-packages/requests/api.py", line 59, in request
    return session.request(method=method, url=url, **kwargs)
           ~~~~~~~~~~~~~~~^^^^^^^^^^^^^^^^^^^^^^^^^^^^^^^^^^
  File "/Users/lukas/projects/sp500_leverage_vs_non_leverage/.venv/lib/python3.13/site-packages/requests/sessions.py", line 589, in request
    resp = self.send(prep, **send_kwargs)
  File "/Users/lukas/projects/sp500_leverage_vs_non_leverage/.venv/lib/python3.13/site-packages/requests/sessions.py", line 703, in send
    r = adapter.send(request, **kwargs)
  File "/Users/lukas/projects/sp500_leverage_vs_non_leverage/.venv/lib/python3.13/site-packages/requests/adapters.py", line 677, in send
    raise ConnectionError(e, request=request)
requests.exceptions.ConnectionError: HTTPSConnectionPool(host='demo.trading212.com', port=443): Max retries exceeded with url: /api/v0/equity/metadata/instruments (Caused by NameResolutionError("<urllib3.connection.HTTPSConnection object at 0x105312270>: Failed to resolve 'demo.trading212.com' ([Errno 8] nodename nor servname provided, or not known)"))
Traceback (most recent call last):
  File "/Users/lukas/projects/sp500_leverage_vs_non_leverage/.venv/lib/python3.13/site-packages/urllib3/connection.py", line 198, in _new_conn
    sock = connection.create_connection(
        (self._dns_host, self.port),
    ...<2 lines>...
        socket_options=self.socket_options,
    )
  File "/Users/lukas/projects/sp500_leverage_vs_non_leverage/.venv/lib/python3.13/site-packages/urllib3/util/connection.py", line 60, in create_connection
    for res in socket.getaddrinfo(host, port, family, socket.SOCK_STREAM):
               ~~~~~~~~~~~~~~~~~~^^^^^^^^^^^^^^^^^^^^^^^^^^^^^^^^^^^^^^^^
  File "/Library/Frameworks/Python.framework/Versions/3.13/lib/python3.13/socket.py", line 975, in getaddrinfo
    for res in _socket.getaddrinfo(host, port, family, type, proto, flags):
               ~~~~~~~~~~~~~~~~~~~^^^^^^^^^^^^^^^^^^^^^^^^^^^^^^^^^^^^^^^^
socket.gaierror: [Errno 8] nodename nor servname provided, or not known

The above exception was the direct cause of the following exception:

Traceback (most recent call last):
  File "/Users/lukas/projects/sp500_leverage_vs_non_leverage/.venv/lib/python3.13/site-packages/urllib3/connectionpool.py", line 787, in urlopen
    response = self._make_request(
        conn,
    ...<10 lines>...
        **response_kw,
    )
  File "/Users/lukas/projects/sp500_leverage_vs_non_leverage/.venv/lib/python3.13/site-packages/urllib3/connectionpool.py", line 488, in _make_request
    raise new_e
  File "/Users/lukas/projects/sp500_leverage_vs_non_leverage/.venv/lib/python3.13/site-packages/urllib3/connectionpool.py", line 464, in _make_request
    self._validate_conn(conn)
    ~~~~~~~~~~~~~~~~~~~^^^^^^
  File "/Users/lukas/projects/sp500_leverage_vs_non_leverage/.venv/lib/python3.13/site-packages/urllib3/connectionpool.py", line 1093, in _validate_conn
    conn.connect()
    ~~~~~~~~~~~~^^
  File "/Users/lukas/projects/sp500_leverage_vs_non_leverage/.venv/lib/python3.13/site-packages/urllib3/connection.py", line 753, in connect
    self.sock = sock = self._new_conn()
                       ~~~~~~~~~~~~~~^^
  File "/Users/lukas/projects/sp500_leverage_vs_non_leverage/.venv/lib/python3.13/site-packages/urllib3/connection.py", line 205, in _new_conn
    raise NameResolutionError(self.host, self, e) from e
urllib3.exceptions.NameResolutionError: <urllib3.connection.HTTPSConnection object at 0x105212270>: Failed to resolve 'demo.trading212.com' ([Errno 8] nodename nor servname provided, or not known)

The above exception was the direct cause of the following exception:

Traceback (most recent call last):
  File "/Users/lukas/projects/sp500_leverage_vs_non_leverage/.venv/lib/python3.13/site-packages/requests/adapters.py", line 644, in send
    resp = conn.urlopen(
        method=request.method,
    ...<9 lines>...
        chunked=chunked,
    )
  File "/Users/lukas/projects/sp500_leverage_vs_non_leverage/.venv/lib/python3.13/site-packages/urllib3/connectionpool.py", line 841, in urlopen
    retries = retries.increment(
        method, url, error=new_e, _pool=self, _stacktrace=sys.exc_info()[2]
    )
  File "/Users/lukas/projects/sp500_leverage_vs_non_leverage/.venv/lib/python3.13/site-packages/urllib3/util/retry.py", line 519, in increment
    raise MaxRetryError(_pool, url, reason) from reason  # type: ignore[arg-type]
    ^^^^^^^^^^^^^^^^^^^^^^^^^^^^^^^^^^^^^^^^^^^^^^^^^^^
urllib3.exceptions.MaxRetryError: HTTPSConnectionPool(host='demo.trading212.com', port=443): Max retries exceeded with url: /api/v0/equity/metadata/instruments (Caused by NameResolutionError("<urllib3.connection.HTTPSConnection object at 0x105212270>: Failed to resolve 'demo.trading212.com' ([Errno 8] nodename nor servname provided, or not known)"))

During handling of the above exception, another exception occurred:

Traceback (most recent call last):
  File "/Users/lukas/projects/sp500_leverage_vs_non_leverage/main.py", line 19, in <module>
    response = requests.get(url, headers=headers)
  File "/Users/lukas/projects/sp500_leverage_vs_non_leverage/.venv/lib/python3.13/site-packages/requests/api.py", line 73, in get
    return request("get", url, params=params, **kwargs)
  File "/Users/lukas/projects/sp500_leverage_vs_non_leverage/.venv/lib/python3.13/site-packages/requests/api.py", line 59, in request
    return session.request(method=method, url=url, **kwargs)
           ~~~~~~~~~~~~~~~^^^^^^^^^^^^^^^^^^^^^^^^^^^^^^^^^^
  File "/Users/lukas/projects/sp500_leverage_vs_non_leverage/.venv/lib/python3.13/site-packages/requests/sessions.py", line 589, in request
    resp = self.send(prep, **send_kwargs)
  File "/Users/lukas/projects/sp500_leverage_vs_non_leverage/.venv/lib/python3.13/site-packages/requests/sessions.py", line 703, in send
    r = adapter.send(request, **kwargs)
  File "/Users/lukas/projects/sp500_leverage_vs_non_leverage/.venv/lib/python3.13/site-packages/requests/adapters.py", line 677, in send
    raise ConnectionError(e, request=request)
requests.exceptions.ConnectionError: HTTPSConnectionPool(host='demo.trading212.com', port=443): Max retries exceeded with url: /api/v0/equity/metadata/instruments (Caused by NameResolutionError("<urllib3.connection.HTTPSConnection object at 0x105212270>: Failed to resolve 'demo.trading212.com' ([Errno 8] nodename nor servname provided, or not known)"))
Traceback (most recent call last):
  File "/Users/lukas/projects/sp500_leverage_vs_non_leverage/.venv/lib/python3.13/site-packages/urllib3/connection.py", line 198, in _new_conn
    sock = connection.create_connection(
        (self._dns_host, self.port),
    ...<2 lines>...
        socket_options=self.socket_options,
    )
  File "/Users/lukas/projects/sp500_leverage_vs_non_leverage/.venv/lib/python3.13/site-packages/urllib3/util/connection.py", line 60, in create_connection
    for res in socket.getaddrinfo(host, port, family, socket.SOCK_STREAM):
               ~~~~~~~~~~~~~~~~~~^^^^^^^^^^^^^^^^^^^^^^^^^^^^^^^^^^^^^^^^
  File "/Library/Frameworks/Python.framework/Versions/3.13/lib/python3.13/socket.py", line 975, in getaddrinfo
    for res in _socket.getaddrinfo(host, port, family, type, proto, flags):
               ~~~~~~~~~~~~~~~~~~~^^^^^^^^^^^^^^^^^^^^^^^^^^^^^^^^^^^^^^^^
socket.gaierror: [Errno 8] nodename nor servname provided, or not known

The above exception was the direct cause of the following exception:

Traceback (most recent call last):
  File "/Users/lukas/projects/sp500_leverage_vs_non_leverage/.venv/lib/python3.13/site-packages/urllib3/connectionpool.py", line 787, in urlopen
    response = self._make_request(
        conn,
    ...<10 lines>...
        **response_kw,
    )
  File "/Users/lukas/projects/sp500_leverage_vs_non_leverage/.venv/lib/python3.13/site-packages/urllib3/connectionpool.py", line 488, in _make_request
    raise new_e
  File "/Users/lukas/projects/sp500_leverage_vs_non_leverage/.venv/lib/python3.13/site-packages/urllib3/connectionpool.py", line 464, in _make_request
    self._validate_conn(conn)
    ~~~~~~~~~~~~~~~~~~~^^^^^^
  File "/Users/lukas/projects/sp500_leverage_vs_non_leverage/.venv/lib/python3.13/site-packages/urllib3/connectionpool.py", line 1093, in _validate_conn
    conn.connect()
    ~~~~~~~~~~~~^^
  File "/Users/lukas/projects/sp500_leverage_vs_non_leverage/.venv/lib/python3.13/site-packages/urllib3/connection.py", line 753, in connect
    self.sock = sock = self._new_conn()
                       ~~~~~~~~~~~~~~^^
  File "/Users/lukas/projects/sp500_leverage_vs_non_leverage/.venv/lib/python3.13/site-packages/urllib3/connection.py", line 205, in _new_conn
    raise NameResolutionError(self.host, self, e) from e
urllib3.exceptions.NameResolutionError: <urllib3.connection.HTTPSConnection object at 0x103426270>: Failed to resolve 'demo.trading212.com' ([Errno 8] nodename nor servname provided, or not known)

The above exception was the direct cause of the following exception:

Traceback (most recent call last):
  File "/Users/lukas/projects/sp500_leverage_vs_non_leverage/.venv/lib/python3.13/site-packages/requests/adapters.py", line 644, in send
    resp = conn.urlopen(
        method=request.method,
    ...<9 lines>...
        chunked=chunked,
    )
  File "/Users/lukas/projects/sp500_leverage_vs_non_leverage/.venv/lib/python3.13/site-packages/urllib3/connectionpool.py", line 841, in urlopen
    retries = retries.increment(
        method, url, error=new_e, _pool=self, _stacktrace=sys.exc_info()[2]
    )
  File "/Users/lukas/projects/sp500_leverage_vs_non_leverage/.venv/lib/python3.13/site-packages/urllib3/util/retry.py", line 519, in increment
    raise MaxRetryError(_pool, url, reason) from reason  # type: ignore[arg-type]
    ^^^^^^^^^^^^^^^^^^^^^^^^^^^^^^^^^^^^^^^^^^^^^^^^^^^
urllib3.exceptions.MaxRetryError: HTTPSConnectionPool(host='demo.trading212.com', port=443): Max retries exceeded with url: /api/v0/equity/metadata/instruments (Caused by NameResolutionError("<urllib3.connection.HTTPSConnection object at 0x103426270>: Failed to resolve 'demo.trading212.com' ([Errno 8] nodename nor servname provided, or not known)"))

During handling of the above exception, another exception occurred:

Traceback (most recent call last):
  File "/Users/lukas/projects/sp500_leverage_vs_non_leverage/main.py", line 19, in <module>
    response = requests.get(url, headers=headers)
  File "/Users/lukas/projects/sp500_leverage_vs_non_leverage/.venv/lib/python3.13/site-packages/requests/api.py", line 73, in get
    return request("get", url, params=params, **kwargs)
  File "/Users/lukas/projects/sp500_leverage_vs_non_leverage/.venv/lib/python3.13/site-packages/requests/api.py", line 59, in request
    return session.request(method=method, url=url, **kwargs)
           ~~~~~~~~~~~~~~~^^^^^^^^^^^^^^^^^^^^^^^^^^^^^^^^^^
  File "/Users/lukas/projects/sp500_leverage_vs_non_leverage/.venv/lib/python3.13/site-packages/requests/sessions.py", line 589, in request
    resp = self.send(prep, **send_kwargs)
  File "/Users/lukas/projects/sp500_leverage_vs_non_leverage/.venv/lib/python3.13/site-packages/requests/sessions.py", line 703, in send
    r = adapter.send(request, **kwargs)
  File "/Users/lukas/projects/sp500_leverage_vs_non_leverage/.venv/lib/python3.13/site-packages/requests/adapters.py", line 677, in send
    raise ConnectionError(e, request=request)
requests.exceptions.ConnectionError: HTTPSConnectionPool(host='demo.trading212.com', port=443): Max retries exceeded with url: /api/v0/equity/metadata/instruments (Caused by NameResolutionError("<urllib3.connection.HTTPSConnection object at 0x103426270>: Failed to resolve 'demo.trading212.com' ([Errno 8] nodename nor servname provided, or not known)"))
Traceback (most recent call last):
  File "/Users/lukas/projects/sp500_leverage_vs_non_leverage/.venv/lib/python3.13/site-packages/urllib3/connection.py", line 198, in _new_conn
    sock = connection.create_connection(
        (self._dns_host, self.port),
    ...<2 lines>...
        socket_options=self.socket_options,
    )
  File "/Users/lukas/projects/sp500_leverage_vs_non_leverage/.venv/lib/python3.13/site-packages/urllib3/util/connection.py", line 60, in create_connection
    for res in socket.getaddrinfo(host, port, family, socket.SOCK_STREAM):
               ~~~~~~~~~~~~~~~~~~^^^^^^^^^^^^^^^^^^^^^^^^^^^^^^^^^^^^^^^^
  File "/Library/Frameworks/Python.framework/Versions/3.13/lib/python3.13/socket.py", line 975, in getaddrinfo
    for res in _socket.getaddrinfo(host, port, family, type, proto, flags):
               ~~~~~~~~~~~~~~~~~~~^^^^^^^^^^^^^^^^^^^^^^^^^^^^^^^^^^^^^^^^
socket.gaierror: [Errno 8] nodename nor servname provided, or not known

The above exception was the direct cause of the following exception:

Traceback (most recent call last):
  File "/Users/lukas/projects/sp500_leverage_vs_non_leverage/.venv/lib/python3.13/site-packages/urllib3/connectionpool.py", line 787, in urlopen
    response = self._make_request(
        conn,
    ...<10 lines>...
        **response_kw,
    )
  File "/Users/lukas/projects/sp500_leverage_vs_non_leverage/.venv/lib/python3.13/site-packages/urllib3/connectionpool.py", line 488, in _make_request
    raise new_e
  File "/Users/lukas/projects/sp500_leverage_vs_non_leverage/.venv/lib/python3.13/site-packages/urllib3/connectionpool.py", line 464, in _make_request
    self._validate_conn(conn)
    ~~~~~~~~~~~~~~~~~~~^^^^^^
  File "/Users/lukas/projects/sp500_leverage_vs_non_leverage/.venv/lib/python3.13/site-packages/urllib3/connectionpool.py", line 1093, in _validate_conn
    conn.connect()
    ~~~~~~~~~~~~^^
  File "/Users/lukas/projects/sp500_leverage_vs_non_leverage/.venv/lib/python3.13/site-packages/urllib3/connection.py", line 753, in connect
    self.sock = sock = self._new_conn()
                       ~~~~~~~~~~~~~~^^
  File "/Users/lukas/projects/sp500_leverage_vs_non_leverage/.venv/lib/python3.13/site-packages/urllib3/connection.py", line 205, in _new_conn
    raise NameResolutionError(self.host, self, e) from e
urllib3.exceptions.NameResolutionError: <urllib3.connection.HTTPSConnection object at 0x105ce1bd0>: Failed to resolve 'demo.trading212.com' ([Errno 8] nodename nor servname provided, or not known)

The above exception was the direct cause of the following exception:

Traceback (most recent call last):
  File "/Users/lukas/projects/sp500_leverage_vs_non_leverage/.venv/lib/python3.13/site-packages/requests/adapters.py", line 644, in send
    resp = conn.urlopen(
        method=request.method,
    ...<9 lines>...
        chunked=chunked,
    )
  File "/Users/lukas/projects/sp500_leverage_vs_non_leverage/.venv/lib/python3.13/site-packages/urllib3/connectionpool.py", line 841, in urlopen
    retries = retries.increment(
        method, url, error=new_e, _pool=self, _stacktrace=sys.exc_info()[2]
    )
  File "/Users/lukas/projects/sp500_leverage_vs_non_leverage/.venv/lib/python3.13/site-packages/urllib3/util/retry.py", line 519, in increment
    raise MaxRetryError(_pool, url, reason) from reason  # type: ignore[arg-type]
    ^^^^^^^^^^^^^^^^^^^^^^^^^^^^^^^^^^^^^^^^^^^^^^^^^^^
urllib3.exceptions.MaxRetryError: HTTPSConnectionPool(host='demo.trading212.com', port=443): Max retries exceeded with url: /api/v0/equity/portfolio (Caused by NameResolutionError("<urllib3.connection.HTTPSConnection object at 0x105ce1bd0>: Failed to resolve 'demo.trading212.com' ([Errno 8] nodename nor servname provided, or not known)"))

During handling of the above exception, another exception occurred:

Traceback (most recent call last):
  File "/Users/lukas/projects/sp500_leverage_vs_non_leverage/main.py", line 47, in <module>
    response = requests.get(url, headers=headers)
  File "/Users/lukas/projects/sp500_leverage_vs_non_leverage/.venv/lib/python3.13/site-packages/requests/api.py", line 73, in get
    return request("get", url, params=params, **kwargs)
  File "/Users/lukas/projects/sp500_leverage_vs_non_leverage/.venv/lib/python3.13/site-packages/requests/api.py", line 59, in request
    return session.request(method=method, url=url, **kwargs)
           ~~~~~~~~~~~~~~~^^^^^^^^^^^^^^^^^^^^^^^^^^^^^^^^^^
  File "/Users/lukas/projects/sp500_leverage_vs_non_leverage/.venv/lib/python3.13/site-packages/requests/sessions.py", line 589, in request
    resp = self.send(prep, **send_kwargs)
  File "/Users/lukas/projects/sp500_leverage_vs_non_leverage/.venv/lib/python3.13/site-packages/requests/sessions.py", line 703, in send
    r = adapter.send(request, **kwargs)
  File "/Users/lukas/projects/sp500_leverage_vs_non_leverage/.venv/lib/python3.13/site-packages/requests/adapters.py", line 677, in send
    raise ConnectionError(e, request=request)
requests.exceptions.ConnectionError: HTTPSConnectionPool(host='demo.trading212.com', port=443): Max retries exceeded with url: /api/v0/equity/portfolio (Caused by NameResolutionError("<urllib3.connection.HTTPSConnection object at 0x105ce1bd0>: Failed to resolve 'demo.trading212.com' ([Errno 8] nodename nor servname provided, or not known)"))
Traceback (most recent call last):
  File "/Users/lukas/projects/sp500_leverage_vs_non_leverage/.venv/lib/python3.13/site-packages/urllib3/connection.py", line 198, in _new_conn
    sock = connection.create_connection(
        (self._dns_host, self.port),
    ...<2 lines>...
        socket_options=self.socket_options,
    )
  File "/Users/lukas/projects/sp500_leverage_vs_non_leverage/.venv/lib/python3.13/site-packages/urllib3/util/connection.py", line 60, in create_connection
    for res in socket.getaddrinfo(host, port, family, socket.SOCK_STREAM):
               ~~~~~~~~~~~~~~~~~~^^^^^^^^^^^^^^^^^^^^^^^^^^^^^^^^^^^^^^^^
  File "/Library/Frameworks/Python.framework/Versions/3.13/lib/python3.13/socket.py", line 975, in getaddrinfo
    for res in _socket.getaddrinfo(host, port, family, type, proto, flags):
               ~~~~~~~~~~~~~~~~~~~^^^^^^^^^^^^^^^^^^^^^^^^^^^^^^^^^^^^^^^^
socket.gaierror: [Errno 8] nodename nor servname provided, or not known

The above exception was the direct cause of the following exception:

Traceback (most recent call last):
  File "/Users/lukas/projects/sp500_leverage_vs_non_leverage/.venv/lib/python3.13/site-packages/urllib3/connectionpool.py", line 787, in urlopen
    response = self._make_request(
        conn,
    ...<10 lines>...
        **response_kw,
    )
  File "/Users/lukas/projects/sp500_leverage_vs_non_leverage/.venv/lib/python3.13/site-packages/urllib3/connectionpool.py", line 488, in _make_request
    raise new_e
  File "/Users/lukas/projects/sp500_leverage_vs_non_leverage/.venv/lib/python3.13/site-packages/urllib3/connectionpool.py", line 464, in _make_request
    self._validate_conn(conn)
    ~~~~~~~~~~~~~~~~~~~^^^^^^
  File "/Users/lukas/projects/sp500_leverage_vs_non_leverage/.venv/lib/python3.13/site-packages/urllib3/connectionpool.py", line 1093, in _validate_conn
    conn.connect()
    ~~~~~~~~~~~~^^
  File "/Users/lukas/projects/sp500_leverage_vs_non_leverage/.venv/lib/python3.13/site-packages/urllib3/connection.py", line 753, in connect
    self.sock = sock = self._new_conn()
                       ~~~~~~~~~~~~~~^^
  File "/Users/lukas/projects/sp500_leverage_vs_non_leverage/.venv/lib/python3.13/site-packages/urllib3/connection.py", line 205, in _new_conn
    raise NameResolutionError(self.host, self, e) from e
urllib3.exceptions.NameResolutionError: <urllib3.connection.HTTPSConnection object at 0x102f36270>: Failed to resolve 'demo.trading212.com' ([Errno 8] nodename nor servname provided, or not known)

The above exception was the direct cause of the following exception:

Traceback (most recent call last):
  File "/Users/lukas/projects/sp500_leverage_vs_non_leverage/.venv/lib/python3.13/site-packages/requests/adapters.py", line 644, in send
    resp = conn.urlopen(
        method=request.method,
    ...<9 lines>...
        chunked=chunked,
    )
  File "/Users/lukas/projects/sp500_leverage_vs_non_leverage/.venv/lib/python3.13/site-packages/urllib3/connectionpool.py", line 841, in urlopen
    retries = retries.increment(
        method, url, error=new_e, _pool=self, _stacktrace=sys.exc_info()[2]
    )
  File "/Users/lukas/projects/sp500_leverage_vs_non_leverage/.venv/lib/python3.13/site-packages/urllib3/util/retry.py", line 519, in increment
    raise MaxRetryError(_pool, url, reason) from reason  # type: ignore[arg-type]
    ^^^^^^^^^^^^^^^^^^^^^^^^^^^^^^^^^^^^^^^^^^^^^^^^^^^
urllib3.exceptions.MaxRetryError: HTTPSConnectionPool(host='demo.trading212.com', port=443): Max retries exceeded with url: /api/v0/equity/metadata/instruments (Caused by NameResolutionError("<urllib3.connection.HTTPSConnection object at 0x102f36270>: Failed to resolve 'demo.trading212.com' ([Errno 8] nodename nor servname provided, or not known)"))

During handling of the above exception, another exception occurred:

Traceback (most recent call last):
  File "/Users/lukas/projects/sp500_leverage_vs_non_leverage/main.py", line 19, in <module>
    response = requests.get(url, headers=headers)
  File "/Users/lukas/projects/sp500_leverage_vs_non_leverage/.venv/lib/python3.13/site-packages/requests/api.py", line 73, in get
    return request("get", url, params=params, **kwargs)
  File "/Users/lukas/projects/sp500_leverage_vs_non_leverage/.venv/lib/python3.13/site-packages/requests/api.py", line 59, in request
    return session.request(method=method, url=url, **kwargs)
           ~~~~~~~~~~~~~~~^^^^^^^^^^^^^^^^^^^^^^^^^^^^^^^^^^
  File "/Users/lukas/projects/sp500_leverage_vs_non_leverage/.venv/lib/python3.13/site-packages/requests/sessions.py", line 589, in request
    resp = self.send(prep, **send_kwargs)
  File "/Users/lukas/projects/sp500_leverage_vs_non_leverage/.venv/lib/python3.13/site-packages/requests/sessions.py", line 703, in send
    r = adapter.send(request, **kwargs)
  File "/Users/lukas/projects/sp500_leverage_vs_non_leverage/.venv/lib/python3.13/site-packages/requests/adapters.py", line 677, in send
    raise ConnectionError(e, request=request)
requests.exceptions.ConnectionError: HTTPSConnectionPool(host='demo.trading212.com', port=443): Max retries exceeded with url: /api/v0/equity/metadata/instruments (Caused by NameResolutionError("<urllib3.connection.HTTPSConnection object at 0x102f36270>: Failed to resolve 'demo.trading212.com' ([Errno 8] nodename nor servname provided, or not known)"))
Traceback (most recent call last):
  File "/Users/lukas/projects/sp500_leverage_vs_non_leverage/.venv/lib/python3.13/site-packages/urllib3/connection.py", line 198, in _new_conn
    sock = connection.create_connection(
        (self._dns_host, self.port),
    ...<2 lines>...
        socket_options=self.socket_options,
    )
  File "/Users/lukas/projects/sp500_leverage_vs_non_leverage/.venv/lib/python3.13/site-packages/urllib3/util/connection.py", line 60, in create_connection
    for res in socket.getaddrinfo(host, port, family, socket.SOCK_STREAM):
               ~~~~~~~~~~~~~~~~~~^^^^^^^^^^^^^^^^^^^^^^^^^^^^^^^^^^^^^^^^
  File "/Library/Frameworks/Python.framework/Versions/3.13/lib/python3.13/socket.py", line 975, in getaddrinfo
    for res in _socket.getaddrinfo(host, port, family, type, proto, flags):
               ~~~~~~~~~~~~~~~~~~~^^^^^^^^^^^^^^^^^^^^^^^^^^^^^^^^^^^^^^^^
socket.gaierror: [Errno 8] nodename nor servname provided, or not known

The above exception was the direct cause of the following exception:

Traceback (most recent call last):
  File "/Users/lukas/projects/sp500_leverage_vs_non_leverage/.venv/lib/python3.13/site-packages/urllib3/connectionpool.py", line 787, in urlopen
    response = self._make_request(
        conn,
    ...<10 lines>...
        **response_kw,
    )
  File "/Users/lukas/projects/sp500_leverage_vs_non_leverage/.venv/lib/python3.13/site-packages/urllib3/connectionpool.py", line 488, in _make_request
    raise new_e
  File "/Users/lukas/projects/sp500_leverage_vs_non_leverage/.venv/lib/python3.13/site-packages/urllib3/connectionpool.py", line 464, in _make_request
    self._validate_conn(conn)
    ~~~~~~~~~~~~~~~~~~~^^^^^^
  File "/Users/lukas/projects/sp500_leverage_vs_non_leverage/.venv/lib/python3.13/site-packages/urllib3/connectionpool.py", line 1093, in _validate_conn
    conn.connect()
    ~~~~~~~~~~~~^^
  File "/Users/lukas/projects/sp500_leverage_vs_non_leverage/.venv/lib/python3.13/site-packages/urllib3/connection.py", line 753, in connect
    self.sock = sock = self._new_conn()
                       ~~~~~~~~~~~~~~^^
  File "/Users/lukas/projects/sp500_leverage_vs_non_leverage/.venv/lib/python3.13/site-packages/urllib3/connection.py", line 205, in _new_conn
    raise NameResolutionError(self.host, self, e) from e
urllib3.exceptions.NameResolutionError: <urllib3.connection.HTTPSConnection object at 0x1032ce270>: Failed to resolve 'demo.trading212.com' ([Errno 8] nodename nor servname provided, or not known)

The above exception was the direct cause of the following exception:

Traceback (most recent call last):
  File "/Users/lukas/projects/sp500_leverage_vs_non_leverage/.venv/lib/python3.13/site-packages/requests/adapters.py", line 644, in send
    resp = conn.urlopen(
        method=request.method,
    ...<9 lines>...
        chunked=chunked,
    )
  File "/Users/lukas/projects/sp500_leverage_vs_non_leverage/.venv/lib/python3.13/site-packages/urllib3/connectionpool.py", line 841, in urlopen
    retries = retries.increment(
        method, url, error=new_e, _pool=self, _stacktrace=sys.exc_info()[2]
    )
  File "/Users/lukas/projects/sp500_leverage_vs_non_leverage/.venv/lib/python3.13/site-packages/urllib3/util/retry.py", line 519, in increment
    raise MaxRetryError(_pool, url, reason) from reason  # type: ignore[arg-type]
    ^^^^^^^^^^^^^^^^^^^^^^^^^^^^^^^^^^^^^^^^^^^^^^^^^^^
urllib3.exceptions.MaxRetryError: HTTPSConnectionPool(host='demo.trading212.com', port=443): Max retries exceeded with url: /api/v0/equity/metadata/instruments (Caused by NameResolutionError("<urllib3.connection.HTTPSConnection object at 0x1032ce270>: Failed to resolve 'demo.trading212.com' ([Errno 8] nodename nor servname provided, or not known)"))

During handling of the above exception, another exception occurred:

Traceback (most recent call last):
  File "/Users/lukas/projects/sp500_leverage_vs_non_leverage/main.py", line 19, in <module>
    response = requests.get(url, headers=headers)
  File "/Users/lukas/projects/sp500_leverage_vs_non_leverage/.venv/lib/python3.13/site-packages/requests/api.py", line 73, in get
    return request("get", url, params=params, **kwargs)
  File "/Users/lukas/projects/sp500_leverage_vs_non_leverage/.venv/lib/python3.13/site-packages/requests/api.py", line 59, in request
    return session.request(method=method, url=url, **kwargs)
           ~~~~~~~~~~~~~~~^^^^^^^^^^^^^^^^^^^^^^^^^^^^^^^^^^
  File "/Users/lukas/projects/sp500_leverage_vs_non_leverage/.venv/lib/python3.13/site-packages/requests/sessions.py", line 589, in request
    resp = self.send(prep, **send_kwargs)
  File "/Users/lukas/projects/sp500_leverage_vs_non_leverage/.venv/lib/python3.13/site-packages/requests/sessions.py", line 703, in send
    r = adapter.send(request, **kwargs)
  File "/Users/lukas/projects/sp500_leverage_vs_non_leverage/.venv/lib/python3.13/site-packages/requests/adapters.py", line 677, in send
    raise ConnectionError(e, request=request)
requests.exceptions.ConnectionError: HTTPSConnectionPool(host='demo.trading212.com', port=443): Max retries exceeded with url: /api/v0/equity/metadata/instruments (Caused by NameResolutionError("<urllib3.connection.HTTPSConnection object at 0x1032ce270>: Failed to resolve 'demo.trading212.com' ([Errno 8] nodename nor servname provided, or not known)"))
Traceback (most recent call last):
  File "/Users/lukas/projects/sp500_leverage_vs_non_leverage/main.py", line 48, in <module>
    positions = [Position(**i) for i in response.json()]
                 ~~~~~~~~^^^^^
TypeError: models.Position() argument after ** must be a mapping, not str
Traceback (most recent call last):
  File "/Users/lukas/projects/sp500_leverage_vs_non_leverage/main.py", line 48, in <module>
    positions = [Position(**i) for i in response.json()]
                 ~~~~~~~~^^^^^
TypeError: models.Position() argument after ** must be a mapping, not str
Traceback (most recent call last):
  File "/Users/lukas/projects/sp500_leverage_vs_non_leverage/main.py", line 20, in <module>
    response.raise_for_status()
    ~~~~~~~~~~~~~~~~~~~~~~~~~^^
  File "/Users/lukas/projects/sp500_leverage_vs_non_leverage/.venv/lib/python3.13/site-packages/requests/models.py", line 1026, in raise_for_status
    raise HTTPError(http_error_msg, response=self)
requests.exceptions.HTTPError: 429 Client Error: Too Many Requests for url: https://demo.trading212.com/api/v0/equity/metadata/instruments
Traceback (most recent call last):
  File "/Users/lukas/projects/sp500_leverage_vs_non_leverage/main.py", line 20, in <module>
    response.raise_for_status()
    ~~~~~~~~~~~~~~~~~~~~~~~~~^^
  File "/Users/lukas/projects/sp500_leverage_vs_non_leverage/.venv/lib/python3.13/site-packages/requests/models.py", line 1026, in raise_for_status
    raise HTTPError(http_error_msg, response=self)
requests.exceptions.HTTPError: 429 Client Error: Too Many Requests for url: https://demo.trading212.com/api/v0/equity/metadata/instruments
Traceback (most recent call last):
  File "/Users/lukas/projects/sp500_leverage_vs_non_leverage/main.py", line 20, in <module>
    response.raise_for_status()
    ~~~~~~~~~~~~~~~~~~~~~~~~~^^
  File "/Users/lukas/projects/sp500_leverage_vs_non_leverage/.venv/lib/python3.13/site-packages/requests/models.py", line 1026, in raise_for_status
    raise HTTPError(http_error_msg, response=self)
requests.exceptions.HTTPError: 429 Client Error: Too Many Requests for url: https://demo.trading212.com/api/v0/equity/metadata/instruments
Traceback (most recent call last):
  File "/Users/lukas/projects/sp500_leverage_vs_non_leverage/main.py", line 20, in <module>
    response.raise_for_status()
    ~~~~~~~~~~~~~~~~~~~~~~~~~^^
  File "/Users/lukas/projects/sp500_leverage_vs_non_leverage/.venv/lib/python3.13/site-packages/requests/models.py", line 1026, in raise_for_status
    raise HTTPError(http_error_msg, response=self)
requests.exceptions.HTTPError: 429 Client Error: Too Many Requests for url: https://demo.trading212.com/api/v0/equity/metadata/instruments
Traceback (most recent call last):
  File "/Users/lukas/projects/sp500_leverage_vs_non_leverage/main.py", line 48, in <module>
    positions = [Position(**i) for i in response.json()]
                 ~~~~~~~~^^^^^
TypeError: models.Position() argument after ** must be a mapping, not str
Traceback (most recent call last):
  File "/Users/lukas/projects/sp500_leverage_vs_non_leverage/main.py", line 20, in <module>
    response.raise_for_status()
    ~~~~~~~~~~~~~~~~~~~~~~~~~^^
  File "/Users/lukas/projects/sp500_leverage_vs_non_leverage/.venv/lib/python3.13/site-packages/requests/models.py", line 1026, in raise_for_status
    raise HTTPError(http_error_msg, response=self)
requests.exceptions.HTTPError: 429 Client Error: Too Many Requests for url: https://demo.trading212.com/api/v0/equity/metadata/instruments
Traceback (most recent call last):
  File "/Users/lukas/projects/sp500_leverage_vs_non_leverage/main.py", line 20, in <module>
    response.raise_for_status()
    ~~~~~~~~~~~~~~~~~~~~~~~~~^^
  File "/Users/lukas/projects/sp500_leverage_vs_non_leverage/.venv/lib/python3.13/site-packages/requests/models.py", line 1026, in raise_for_status
    raise HTTPError(http_error_msg, response=self)
requests.exceptions.HTTPError: 429 Client Error: Too Many Requests for url: https://demo.trading212.com/api/v0/equity/metadata/instruments
Traceback (most recent call last):
  File "/Users/lukas/projects/sp500_leverage_vs_non_leverage/main.py", line 20, in <module>
    response.raise_for_status()
    ~~~~~~~~~~~~~~~~~~~~~~~~~^^
  File "/Users/lukas/projects/sp500_leverage_vs_non_leverage/.venv/lib/python3.13/site-packages/requests/models.py", line 1026, in raise_for_status
    raise HTTPError(http_error_msg, response=self)
requests.exceptions.HTTPError: 429 Client Error: Too Many Requests for url: https://demo.trading212.com/api/v0/equity/metadata/instruments
Traceback (most recent call last):
  File "/Users/lukas/projects/sp500_leverage_vs_non_leverage/main.py", line 20, in <module>
    response.raise_for_status()
    ~~~~~~~~~~~~~~~~~~~~~~~~~^^
  File "/Users/lukas/projects/sp500_leverage_vs_non_leverage/.venv/lib/python3.13/site-packages/requests/models.py", line 1026, in raise_for_status
    raise HTTPError(http_error_msg, response=self)
requests.exceptions.HTTPError: 429 Client Error: Too Many Requests for url: https://demo.trading212.com/api/v0/equity/metadata/instruments
Traceback (most recent call last):
  File "/Users/lukas/projects/sp500_leverage_vs_non_leverage/main.py", line 20, in <module>
    response.raise_for_status()
    ~~~~~~~~~~~~~~~~~~~~~~~~~^^
  File "/Users/lukas/projects/sp500_leverage_vs_non_leverage/.venv/lib/python3.13/site-packages/requests/models.py", line 1026, in raise_for_status
    raise HTTPError(http_error_msg, response=self)
requests.exceptions.HTTPError: 429 Client Error: Too Many Requests for url: https://demo.trading212.com/api/v0/equity/metadata/instruments
Traceback (most recent call last):
  File "/Users/lukas/projects/sp500_leverage_vs_non_leverage/main.py", line 48, in <module>
    positions = [Position(**i) for i in response.json()]
                 ~~~~~~~~^^^^^
TypeError: models.Position() argument after ** must be a mapping, not str
Traceback (most recent call last):
  File "/Users/lukas/projects/sp500_leverage_vs_non_leverage/main.py", line 20, in <module>
    response.raise_for_status()
    ~~~~~~~~~~~~~~~~~~~~~~~~~^^
  File "/Users/lukas/projects/sp500_leverage_vs_non_leverage/.venv/lib/python3.13/site-packages/requests/models.py", line 1026, in raise_for_status
    raise HTTPError(http_error_msg, response=self)
requests.exceptions.HTTPError: 429 Client Error: Too Many Requests for url: https://demo.trading212.com/api/v0/equity/metadata/instruments
Traceback (most recent call last):
  File "/Users/lukas/projects/sp500_leverage_vs_non_leverage/main.py", line 20, in <module>
    response.raise_for_status()
    ~~~~~~~~~~~~~~~~~~~~~~~~~^^
  File "/Users/lukas/projects/sp500_leverage_vs_non_leverage/.venv/lib/python3.13/site-packages/requests/models.py", line 1026, in raise_for_status
    raise HTTPError(http_error_msg, response=self)
requests.exceptions.HTTPError: 429 Client Error: Too Many Requests for url: https://demo.trading212.com/api/v0/equity/metadata/instruments
Traceback (most recent call last):
  File "/Users/lukas/projects/sp500_leverage_vs_non_leverage/main.py", line 20, in <module>
    response.raise_for_status()
    ~~~~~~~~~~~~~~~~~~~~~~~~~^^
  File "/Users/lukas/projects/sp500_leverage_vs_non_leverage/.venv/lib/python3.13/site-packages/requests/models.py", line 1026, in raise_for_status
    raise HTTPError(http_error_msg, response=self)
requests.exceptions.HTTPError: 429 Client Error: Too Many Requests for url: https://demo.trading212.com/api/v0/equity/metadata/instruments
Traceback (most recent call last):
  File "/Users/lukas/projects/sp500_leverage_vs_non_leverage/main.py", line 20, in <module>
    response.raise_for_status()
    ~~~~~~~~~~~~~~~~~~~~~~~~~^^
  File "/Users/lukas/projects/sp500_leverage_vs_non_leverage/.venv/lib/python3.13/site-packages/requests/models.py", line 1026, in raise_for_status
    raise HTTPError(http_error_msg, response=self)
requests.exceptions.HTTPError: 429 Client Error: Too Many Requests for url: https://demo.trading212.com/api/v0/equity/metadata/instruments
Traceback (most recent call last):
  File "/Users/lukas/projects/sp500_leverage_vs_non_leverage/.venv/lib/python3.13/site-packages/urllib3/connection.py", line 198, in _new_conn
    sock = connection.create_connection(
        (self._dns_host, self.port),
    ...<2 lines>...
        socket_options=self.socket_options,
    )
  File "/Users/lukas/projects/sp500_leverage_vs_non_leverage/.venv/lib/python3.13/site-packages/urllib3/util/connection.py", line 60, in create_connection
    for res in socket.getaddrinfo(host, port, family, socket.SOCK_STREAM):
               ~~~~~~~~~~~~~~~~~~^^^^^^^^^^^^^^^^^^^^^^^^^^^^^^^^^^^^^^^^
  File "/Library/Frameworks/Python.framework/Versions/3.13/lib/python3.13/socket.py", line 975, in getaddrinfo
    for res in _socket.getaddrinfo(host, port, family, type, proto, flags):
               ~~~~~~~~~~~~~~~~~~~^^^^^^^^^^^^^^^^^^^^^^^^^^^^^^^^^^^^^^^^
socket.gaierror: [Errno 8] nodename nor servname provided, or not known

The above exception was the direct cause of the following exception:

Traceback (most recent call last):
  File "/Users/lukas/projects/sp500_leverage_vs_non_leverage/.venv/lib/python3.13/site-packages/urllib3/connectionpool.py", line 787, in urlopen
    response = self._make_request(
        conn,
    ...<10 lines>...
        **response_kw,
    )
  File "/Users/lukas/projects/sp500_leverage_vs_non_leverage/.venv/lib/python3.13/site-packages/urllib3/connectionpool.py", line 488, in _make_request
    raise new_e
  File "/Users/lukas/projects/sp500_leverage_vs_non_leverage/.venv/lib/python3.13/site-packages/urllib3/connectionpool.py", line 464, in _make_request
    self._validate_conn(conn)
    ~~~~~~~~~~~~~~~~~~~^^^^^^
  File "/Users/lukas/projects/sp500_leverage_vs_non_leverage/.venv/lib/python3.13/site-packages/urllib3/connectionpool.py", line 1093, in _validate_conn
    conn.connect()
    ~~~~~~~~~~~~^^
  File "/Users/lukas/projects/sp500_leverage_vs_non_leverage/.venv/lib/python3.13/site-packages/urllib3/connection.py", line 753, in connect
    self.sock = sock = self._new_conn()
                       ~~~~~~~~~~~~~~^^
  File "/Users/lukas/projects/sp500_leverage_vs_non_leverage/.venv/lib/python3.13/site-packages/urllib3/connection.py", line 205, in _new_conn
    raise NameResolutionError(self.host, self, e) from e
urllib3.exceptions.NameResolutionError: <urllib3.connection.HTTPSConnection object at 0x1074ddbd0>: Failed to resolve 'demo.trading212.com' ([Errno 8] nodename nor servname provided, or not known)

The above exception was the direct cause of the following exception:

Traceback (most recent call last):
  File "/Users/lukas/projects/sp500_leverage_vs_non_leverage/.venv/lib/python3.13/site-packages/requests/adapters.py", line 644, in send
    resp = conn.urlopen(
        method=request.method,
    ...<9 lines>...
        chunked=chunked,
    )
  File "/Users/lukas/projects/sp500_leverage_vs_non_leverage/.venv/lib/python3.13/site-packages/urllib3/connectionpool.py", line 841, in urlopen
    retries = retries.increment(
        method, url, error=new_e, _pool=self, _stacktrace=sys.exc_info()[2]
    )
  File "/Users/lukas/projects/sp500_leverage_vs_non_leverage/.venv/lib/python3.13/site-packages/urllib3/util/retry.py", line 519, in increment
    raise MaxRetryError(_pool, url, reason) from reason  # type: ignore[arg-type]
    ^^^^^^^^^^^^^^^^^^^^^^^^^^^^^^^^^^^^^^^^^^^^^^^^^^^
urllib3.exceptions.MaxRetryError: HTTPSConnectionPool(host='demo.trading212.com', port=443): Max retries exceeded with url: /api/v0/equity/portfolio (Caused by NameResolutionError("<urllib3.connection.HTTPSConnection object at 0x1074ddbd0>: Failed to resolve 'demo.trading212.com' ([Errno 8] nodename nor servname provided, or not known)"))

During handling of the above exception, another exception occurred:

Traceback (most recent call last):
  File "/Users/lukas/projects/sp500_leverage_vs_non_leverage/main.py", line 47, in <module>
    response = requests.get(url, headers=headers)
  File "/Users/lukas/projects/sp500_leverage_vs_non_leverage/.venv/lib/python3.13/site-packages/requests/api.py", line 73, in get
    return request("get", url, params=params, **kwargs)
  File "/Users/lukas/projects/sp500_leverage_vs_non_leverage/.venv/lib/python3.13/site-packages/requests/api.py", line 59, in request
    return session.request(method=method, url=url, **kwargs)
           ~~~~~~~~~~~~~~~^^^^^^^^^^^^^^^^^^^^^^^^^^^^^^^^^^
  File "/Users/lukas/projects/sp500_leverage_vs_non_leverage/.venv/lib/python3.13/site-packages/requests/sessions.py", line 589, in request
    resp = self.send(prep, **send_kwargs)
  File "/Users/lukas/projects/sp500_leverage_vs_non_leverage/.venv/lib/python3.13/site-packages/requests/sessions.py", line 703, in send
    r = adapter.send(request, **kwargs)
  File "/Users/lukas/projects/sp500_leverage_vs_non_leverage/.venv/lib/python3.13/site-packages/requests/adapters.py", line 677, in send
    raise ConnectionError(e, request=request)
requests.exceptions.ConnectionError: HTTPSConnectionPool(host='demo.trading212.com', port=443): Max retries exceeded with url: /api/v0/equity/portfolio (Caused by NameResolutionError("<urllib3.connection.HTTPSConnection object at 0x1074ddbd0>: Failed to resolve 'demo.trading212.com' ([Errno 8] nodename nor servname provided, or not known)"))
Traceback (most recent call last):
  File "/Users/lukas/projects/sp500_leverage_vs_non_leverage/.venv/lib/python3.13/site-packages/urllib3/connection.py", line 198, in _new_conn
    sock = connection.create_connection(
        (self._dns_host, self.port),
    ...<2 lines>...
        socket_options=self.socket_options,
    )
  File "/Users/lukas/projects/sp500_leverage_vs_non_leverage/.venv/lib/python3.13/site-packages/urllib3/util/connection.py", line 60, in create_connection
    for res in socket.getaddrinfo(host, port, family, socket.SOCK_STREAM):
               ~~~~~~~~~~~~~~~~~~^^^^^^^^^^^^^^^^^^^^^^^^^^^^^^^^^^^^^^^^
  File "/Library/Frameworks/Python.framework/Versions/3.13/lib/python3.13/socket.py", line 975, in getaddrinfo
    for res in _socket.getaddrinfo(host, port, family, type, proto, flags):
               ~~~~~~~~~~~~~~~~~~~^^^^^^^^^^^^^^^^^^^^^^^^^^^^^^^^^^^^^^^^
socket.gaierror: [Errno 8] nodename nor servname provided, or not known

The above exception was the direct cause of the following exception:

Traceback (most recent call last):
  File "/Users/lukas/projects/sp500_leverage_vs_non_leverage/.venv/lib/python3.13/site-packages/urllib3/connectionpool.py", line 787, in urlopen
    response = self._make_request(
        conn,
    ...<10 lines>...
        **response_kw,
    )
  File "/Users/lukas/projects/sp500_leverage_vs_non_leverage/.venv/lib/python3.13/site-packages/urllib3/connectionpool.py", line 488, in _make_request
    raise new_e
  File "/Users/lukas/projects/sp500_leverage_vs_non_leverage/.venv/lib/python3.13/site-packages/urllib3/connectionpool.py", line 464, in _make_request
    self._validate_conn(conn)
    ~~~~~~~~~~~~~~~~~~~^^^^^^
  File "/Users/lukas/projects/sp500_leverage_vs_non_leverage/.venv/lib/python3.13/site-packages/urllib3/connectionpool.py", line 1093, in _validate_conn
    conn.connect()
    ~~~~~~~~~~~~^^
  File "/Users/lukas/projects/sp500_leverage_vs_non_leverage/.venv/lib/python3.13/site-packages/urllib3/connection.py", line 753, in connect
    self.sock = sock = self._new_conn()
                       ~~~~~~~~~~~~~~^^
  File "/Users/lukas/projects/sp500_leverage_vs_non_leverage/.venv/lib/python3.13/site-packages/urllib3/connection.py", line 205, in _new_conn
    raise NameResolutionError(self.host, self, e) from e
urllib3.exceptions.NameResolutionError: <urllib3.connection.HTTPSConnection object at 0x106a5e270>: Failed to resolve 'demo.trading212.com' ([Errno 8] nodename nor servname provided, or not known)

The above exception was the direct cause of the following exception:

Traceback (most recent call last):
  File "/Users/lukas/projects/sp500_leverage_vs_non_leverage/.venv/lib/python3.13/site-packages/requests/adapters.py", line 644, in send
    resp = conn.urlopen(
        method=request.method,
    ...<9 lines>...
        chunked=chunked,
    )
  File "/Users/lukas/projects/sp500_leverage_vs_non_leverage/.venv/lib/python3.13/site-packages/urllib3/connectionpool.py", line 841, in urlopen
    retries = retries.increment(
        method, url, error=new_e, _pool=self, _stacktrace=sys.exc_info()[2]
    )
  File "/Users/lukas/projects/sp500_leverage_vs_non_leverage/.venv/lib/python3.13/site-packages/urllib3/util/retry.py", line 519, in increment
    raise MaxRetryError(_pool, url, reason) from reason  # type: ignore[arg-type]
    ^^^^^^^^^^^^^^^^^^^^^^^^^^^^^^^^^^^^^^^^^^^^^^^^^^^
urllib3.exceptions.MaxRetryError: HTTPSConnectionPool(host='demo.trading212.com', port=443): Max retries exceeded with url: /api/v0/equity/metadata/instruments (Caused by NameResolutionError("<urllib3.connection.HTTPSConnection object at 0x106a5e270>: Failed to resolve 'demo.trading212.com' ([Errno 8] nodename nor servname provided, or not known)"))

During handling of the above exception, another exception occurred:

Traceback (most recent call last):
  File "/Users/lukas/projects/sp500_leverage_vs_non_leverage/main.py", line 19, in <module>
    response = requests.get(url, headers=headers)
  File "/Users/lukas/projects/sp500_leverage_vs_non_leverage/.venv/lib/python3.13/site-packages/requests/api.py", line 73, in get
    return request("get", url, params=params, **kwargs)
  File "/Users/lukas/projects/sp500_leverage_vs_non_leverage/.venv/lib/python3.13/site-packages/requests/api.py", line 59, in request
    return session.request(method=method, url=url, **kwargs)
           ~~~~~~~~~~~~~~~^^^^^^^^^^^^^^^^^^^^^^^^^^^^^^^^^^
  File "/Users/lukas/projects/sp500_leverage_vs_non_leverage/.venv/lib/python3.13/site-packages/requests/sessions.py", line 589, in request
    resp = self.send(prep, **send_kwargs)
  File "/Users/lukas/projects/sp500_leverage_vs_non_leverage/.venv/lib/python3.13/site-packages/requests/sessions.py", line 703, in send
    r = adapter.send(request, **kwargs)
  File "/Users/lukas/projects/sp500_leverage_vs_non_leverage/.venv/lib/python3.13/site-packages/requests/adapters.py", line 677, in send
    raise ConnectionError(e, request=request)
requests.exceptions.ConnectionError: HTTPSConnectionPool(host='demo.trading212.com', port=443): Max retries exceeded with url: /api/v0/equity/metadata/instruments (Caused by NameResolutionError("<urllib3.connection.HTTPSConnection object at 0x106a5e270>: Failed to resolve 'demo.trading212.com' ([Errno 8] nodename nor servname provided, or not known)"))
Traceback (most recent call last):
  File "/Users/lukas/projects/sp500_leverage_vs_non_leverage/.venv/lib/python3.13/site-packages/urllib3/connection.py", line 198, in _new_conn
    sock = connection.create_connection(
        (self._dns_host, self.port),
    ...<2 lines>...
        socket_options=self.socket_options,
    )
  File "/Users/lukas/projects/sp500_leverage_vs_non_leverage/.venv/lib/python3.13/site-packages/urllib3/util/connection.py", line 60, in create_connection
    for res in socket.getaddrinfo(host, port, family, socket.SOCK_STREAM):
               ~~~~~~~~~~~~~~~~~~^^^^^^^^^^^^^^^^^^^^^^^^^^^^^^^^^^^^^^^^
  File "/Library/Frameworks/Python.framework/Versions/3.13/lib/python3.13/socket.py", line 975, in getaddrinfo
    for res in _socket.getaddrinfo(host, port, family, type, proto, flags):
               ~~~~~~~~~~~~~~~~~~~^^^^^^^^^^^^^^^^^^^^^^^^^^^^^^^^^^^^^^^^
socket.gaierror: [Errno 8] nodename nor servname provided, or not known

The above exception was the direct cause of the following exception:

Traceback (most recent call last):
  File "/Users/lukas/projects/sp500_leverage_vs_non_leverage/.venv/lib/python3.13/site-packages/urllib3/connectionpool.py", line 787, in urlopen
    response = self._make_request(
        conn,
    ...<10 lines>...
        **response_kw,
    )
  File "/Users/lukas/projects/sp500_leverage_vs_non_leverage/.venv/lib/python3.13/site-packages/urllib3/connectionpool.py", line 488, in _make_request
    raise new_e
  File "/Users/lukas/projects/sp500_leverage_vs_non_leverage/.venv/lib/python3.13/site-packages/urllib3/connectionpool.py", line 464, in _make_request
    self._validate_conn(conn)
    ~~~~~~~~~~~~~~~~~~~^^^^^^
  File "/Users/lukas/projects/sp500_leverage_vs_non_leverage/.venv/lib/python3.13/site-packages/urllib3/connectionpool.py", line 1093, in _validate_conn
    conn.connect()
    ~~~~~~~~~~~~^^
  File "/Users/lukas/projects/sp500_leverage_vs_non_leverage/.venv/lib/python3.13/site-packages/urllib3/connection.py", line 753, in connect
    self.sock = sock = self._new_conn()
                       ~~~~~~~~~~~~~~^^
  File "/Users/lukas/projects/sp500_leverage_vs_non_leverage/.venv/lib/python3.13/site-packages/urllib3/connection.py", line 205, in _new_conn
    raise NameResolutionError(self.host, self, e) from e
urllib3.exceptions.NameResolutionError: <urllib3.connection.HTTPSConnection object at 0x10746a270>: Failed to resolve 'demo.trading212.com' ([Errno 8] nodename nor servname provided, or not known)

The above exception was the direct cause of the following exception:

Traceback (most recent call last):
  File "/Users/lukas/projects/sp500_leverage_vs_non_leverage/.venv/lib/python3.13/site-packages/requests/adapters.py", line 644, in send
    resp = conn.urlopen(
        method=request.method,
    ...<9 lines>...
        chunked=chunked,
    )
  File "/Users/lukas/projects/sp500_leverage_vs_non_leverage/.venv/lib/python3.13/site-packages/urllib3/connectionpool.py", line 841, in urlopen
    retries = retries.increment(
        method, url, error=new_e, _pool=self, _stacktrace=sys.exc_info()[2]
    )
  File "/Users/lukas/projects/sp500_leverage_vs_non_leverage/.venv/lib/python3.13/site-packages/urllib3/util/retry.py", line 519, in increment
    raise MaxRetryError(_pool, url, reason) from reason  # type: ignore[arg-type]
    ^^^^^^^^^^^^^^^^^^^^^^^^^^^^^^^^^^^^^^^^^^^^^^^^^^^
urllib3.exceptions.MaxRetryError: HTTPSConnectionPool(host='demo.trading212.com', port=443): Max retries exceeded with url: /api/v0/equity/metadata/instruments (Caused by NameResolutionError("<urllib3.connection.HTTPSConnection object at 0x10746a270>: Failed to resolve 'demo.trading212.com' ([Errno 8] nodename nor servname provided, or not known)"))

During handling of the above exception, another exception occurred:

Traceback (most recent call last):
  File "/Users/lukas/projects/sp500_leverage_vs_non_leverage/main.py", line 19, in <module>
    response = requests.get(url, headers=headers)
  File "/Users/lukas/projects/sp500_leverage_vs_non_leverage/.venv/lib/python3.13/site-packages/requests/api.py", line 73, in get
    return request("get", url, params=params, **kwargs)
  File "/Users/lukas/projects/sp500_leverage_vs_non_leverage/.venv/lib/python3.13/site-packages/requests/api.py", line 59, in request
    return session.request(method=method, url=url, **kwargs)
           ~~~~~~~~~~~~~~~^^^^^^^^^^^^^^^^^^^^^^^^^^^^^^^^^^
  File "/Users/lukas/projects/sp500_leverage_vs_non_leverage/.venv/lib/python3.13/site-packages/requests/sessions.py", line 589, in request
    resp = self.send(prep, **send_kwargs)
  File "/Users/lukas/projects/sp500_leverage_vs_non_leverage/.venv/lib/python3.13/site-packages/requests/sessions.py", line 703, in send
    r = adapter.send(request, **kwargs)
  File "/Users/lukas/projects/sp500_leverage_vs_non_leverage/.venv/lib/python3.13/site-packages/requests/adapters.py", line 677, in send
    raise ConnectionError(e, request=request)
requests.exceptions.ConnectionError: HTTPSConnectionPool(host='demo.trading212.com', port=443): Max retries exceeded with url: /api/v0/equity/metadata/instruments (Caused by NameResolutionError("<urllib3.connection.HTTPSConnection object at 0x10746a270>: Failed to resolve 'demo.trading212.com' ([Errno 8] nodename nor servname provided, or not known)"))
Traceback (most recent call last):
  File "/Users/lukas/projects/sp500_leverage_vs_non_leverage/.venv/lib/python3.13/site-packages/httpx/_transports/default.py", line 101, in map_httpcore_exceptions
    yield
  File "/Users/lukas/projects/sp500_leverage_vs_non_leverage/.venv/lib/python3.13/site-packages/httpx/_transports/default.py", line 250, in handle_request
    resp = self._pool.handle_request(req)
  File "/Users/lukas/projects/sp500_leverage_vs_non_leverage/.venv/lib/python3.13/site-packages/httpcore/_sync/connection_pool.py", line 256, in handle_request
    raise exc from None
  File "/Users/lukas/projects/sp500_leverage_vs_non_leverage/.venv/lib/python3.13/site-packages/httpcore/_sync/connection_pool.py", line 236, in handle_request
    response = connection.handle_request(
        pool_request.request
    )
  File "/Users/lukas/projects/sp500_leverage_vs_non_leverage/.venv/lib/python3.13/site-packages/httpcore/_sync/connection.py", line 103, in handle_request
    return self._connection.handle_request(request)
           ~~~~~~~~~~~~~~~~~~~~~~~~~~~~~~~^^^^^^^^^
  File "/Users/lukas/projects/sp500_leverage_vs_non_leverage/.venv/lib/python3.13/site-packages/httpcore/_sync/http2.py", line 187, in handle_request
    raise exc
  File "/Users/lukas/projects/sp500_leverage_vs_non_leverage/.venv/lib/python3.13/site-packages/httpcore/_sync/http2.py", line 150, in handle_request
    status, headers = self._receive_response(
                      ~~~~~~~~~~~~~~~~~~~~~~^
        request=request, stream_id=stream_id
        ^^^^^^^^^^^^^^^^^^^^^^^^^^^^^^^^^^^^
    )
    ^
  File "/Users/lukas/projects/sp500_leverage_vs_non_leverage/.venv/lib/python3.13/site-packages/httpcore/_sync/http2.py", line 294, in _receive_response
    event = self._receive_stream_event(request, stream_id)
  File "/Users/lukas/projects/sp500_leverage_vs_non_leverage/.venv/lib/python3.13/site-packages/httpcore/_sync/http2.py", line 336, in _receive_stream_event
    self._receive_events(request, stream_id)
    ~~~~~~~~~~~~~~~~~~~~^^^^^^^^^^^^^^^^^^^^
  File "/Users/lukas/projects/sp500_leverage_vs_non_leverage/.venv/lib/python3.13/site-packages/httpcore/_sync/http2.py", line 364, in _receive_events
    events = self._read_incoming_data(request)
  File "/Users/lukas/projects/sp500_leverage_vs_non_leverage/.venv/lib/python3.13/site-packages/httpcore/_sync/http2.py", line 455, in _read_incoming_data
    raise exc
  File "/Users/lukas/projects/sp500_leverage_vs_non_leverage/.venv/lib/python3.13/site-packages/httpcore/_sync/http2.py", line 441, in _read_incoming_data
    data = self._network_stream.read(self.READ_NUM_BYTES, timeout)
  File "/Users/lukas/projects/sp500_leverage_vs_non_leverage/.venv/lib/python3.13/site-packages/httpcore/_backends/sync.py", line 126, in read
    with map_exceptions(exc_map):
         ~~~~~~~~~~~~~~^^^^^^^^^
  File "/Library/Frameworks/Python.framework/Versions/3.13/lib/python3.13/contextlib.py", line 162, in __exit__
    self.gen.throw(value)
    ~~~~~~~~~~~~~~^^^^^^^
  File "/Users/lukas/projects/sp500_leverage_vs_non_leverage/.venv/lib/python3.13/site-packages/httpcore/_exceptions.py", line 14, in map_exceptions
    raise to_exc(exc) from exc
httpcore.ReadTimeout: The read operation timed out

The above exception was the direct cause of the following exception:

Traceback (most recent call last):
  File "/Users/lukas/projects/sp500_leverage_vs_non_leverage/main.py", line 54, in <module>
    .execute()
     ~~~~~~~^^
  File "/Users/lukas/projects/sp500_leverage_vs_non_leverage/.venv/lib/python3.13/site-packages/postgrest/_sync/request_builder.py", line 47, in execute
    r = self.request.send()
  File "/Users/lukas/projects/sp500_leverage_vs_non_leverage/.venv/lib/python3.13/site-packages/postgrest/base_request_builder.py", line 81, in send
    return self.session.request(
           ~~~~~~~~~~~~~~~~~~~~^
        self.http_method,
        ^^^^^^^^^^^^^^^^^
    ...<4 lines>...
        auth=self.auth,
        ^^^^^^^^^^^^^^^
    )
    ^
  File "/Users/lukas/projects/sp500_leverage_vs_non_leverage/.venv/lib/python3.13/site-packages/httpx/_client.py", line 825, in request
    return self.send(request, auth=auth, follow_redirects=follow_redirects)
           ~~~~~~~~~^^^^^^^^^^^^^^^^^^^^^^^^^^^^^^^^^^^^^^^^^^^^^^^^^^^^^^^
  File "/Users/lukas/projects/sp500_leverage_vs_non_leverage/.venv/lib/python3.13/site-packages/httpx/_client.py", line 914, in send
    response = self._send_handling_auth(
        request,
    ...<2 lines>...
        history=[],
    )
  File "/Users/lukas/projects/sp500_leverage_vs_non_leverage/.venv/lib/python3.13/site-packages/httpx/_client.py", line 942, in _send_handling_auth
    response = self._send_handling_redirects(
        request,
        follow_redirects=follow_redirects,
        history=history,
    )
  File "/Users/lukas/projects/sp500_leverage_vs_non_leverage/.venv/lib/python3.13/site-packages/httpx/_client.py", line 979, in _send_handling_redirects
    response = self._send_single_request(request)
  File "/Users/lukas/projects/sp500_leverage_vs_non_leverage/.venv/lib/python3.13/site-packages/httpx/_client.py", line 1014, in _send_single_request
    response = transport.handle_request(request)
  File "/Users/lukas/projects/sp500_leverage_vs_non_leverage/.venv/lib/python3.13/site-packages/httpx/_transports/default.py", line 249, in handle_request
    with map_httpcore_exceptions():
         ~~~~~~~~~~~~~~~~~~~~~~~^^
  File "/Library/Frameworks/Python.framework/Versions/3.13/lib/python3.13/contextlib.py", line 162, in __exit__
    self.gen.throw(value)
    ~~~~~~~~~~~~~~^^^^^^^
  File "/Users/lukas/projects/sp500_leverage_vs_non_leverage/.venv/lib/python3.13/site-packages/httpx/_transports/default.py", line 118, in map_httpcore_exceptions
    raise mapped_exc(message) from exc
httpx.ReadTimeout: The read operation timed out
Traceback (most recent call last):
  File "/Users/lukas/projects/sp500_leverage_vs_non_leverage/main.py", line 48, in <module>
    positions = [Position(**i) for i in response.json()]
                 ~~~~~~~~^^^^^
TypeError: models.Position() argument after ** must be a mapping, not str
Traceback (most recent call last):
  File "/Users/lukas/projects/sp500_leverage_vs_non_leverage/main.py", line 48, in <module>
    positions = [Position(**i) for i in response.json()]
                 ~~~~~~~~^^^^^
TypeError: models.Position() argument after ** must be a mapping, not str
Traceback (most recent call last):
  File "/Users/lukas/projects/sp500_leverage_vs_non_leverage/main.py", line 20, in <module>
    response.raise_for_status()
    ~~~~~~~~~~~~~~~~~~~~~~~~~^^
  File "/Users/lukas/projects/sp500_leverage_vs_non_leverage/.venv/lib/python3.13/site-packages/requests/models.py", line 1026, in raise_for_status
    raise HTTPError(http_error_msg, response=self)
requests.exceptions.HTTPError: 429 Client Error: Too Many Requests for url: https://demo.trading212.com/api/v0/equity/metadata/instruments
Traceback (most recent call last):
  File "/Users/lukas/projects/sp500_leverage_vs_non_leverage/main.py", line 20, in <module>
    response.raise_for_status()
    ~~~~~~~~~~~~~~~~~~~~~~~~~^^
  File "/Users/lukas/projects/sp500_leverage_vs_non_leverage/.venv/lib/python3.13/site-packages/requests/models.py", line 1026, in raise_for_status
    raise HTTPError(http_error_msg, response=self)
requests.exceptions.HTTPError: 429 Client Error: Too Many Requests for url: https://demo.trading212.com/api/v0/equity/metadata/instruments
Traceback (most recent call last):
  File "/Users/lukas/projects/sp500_leverage_vs_non_leverage/main.py", line 20, in <module>
    response.raise_for_status()
    ~~~~~~~~~~~~~~~~~~~~~~~~~^^
  File "/Users/lukas/projects/sp500_leverage_vs_non_leverage/.venv/lib/python3.13/site-packages/requests/models.py", line 1026, in raise_for_status
    raise HTTPError(http_error_msg, response=self)
requests.exceptions.HTTPError: 429 Client Error: Too Many Requests for url: https://demo.trading212.com/api/v0/equity/metadata/instruments
Traceback (most recent call last):
  File "/Users/lukas/projects/sp500_leverage_vs_non_leverage/main.py", line 20, in <module>
    response.raise_for_status()
    ~~~~~~~~~~~~~~~~~~~~~~~~~^^
  File "/Users/lukas/projects/sp500_leverage_vs_non_leverage/.venv/lib/python3.13/site-packages/requests/models.py", line 1026, in raise_for_status
    raise HTTPError(http_error_msg, response=self)
requests.exceptions.HTTPError: 429 Client Error: Too Many Requests for url: https://demo.trading212.com/api/v0/equity/metadata/instruments
Traceback (most recent call last):
  File "/Users/lukas/projects/sp500_leverage_vs_non_leverage/main.py", line 48, in <module>
    positions = [Position(**i) for i in response.json()]
                 ~~~~~~~~^^^^^
TypeError: models.Position() argument after ** must be a mapping, not str
Traceback (most recent call last):
  File "/Users/lukas/projects/sp500_leverage_vs_non_leverage/main.py", line 48, in <module>
    positions = [Position(**i) for i in response.json()]
                 ~~~~~~~~^^^^^
TypeError: models.Position() argument after ** must be a mapping, not str
Traceback (most recent call last):
  File "/Users/lukas/projects/sp500_leverage_vs_non_leverage/main.py", line 20, in <module>
    response.raise_for_status()
    ~~~~~~~~~~~~~~~~~~~~~~~~~^^
  File "/Users/lukas/projects/sp500_leverage_vs_non_leverage/.venv/lib/python3.13/site-packages/requests/models.py", line 1026, in raise_for_status
    raise HTTPError(http_error_msg, response=self)
requests.exceptions.HTTPError: 429 Client Error: Too Many Requests for url: https://demo.trading212.com/api/v0/equity/metadata/instruments
Traceback (most recent call last):
  File "/Users/lukas/projects/sp500_leverage_vs_non_leverage/main.py", line 20, in <module>
    response.raise_for_status()
    ~~~~~~~~~~~~~~~~~~~~~~~~~^^
  File "/Users/lukas/projects/sp500_leverage_vs_non_leverage/.venv/lib/python3.13/site-packages/requests/models.py", line 1026, in raise_for_status
    raise HTTPError(http_error_msg, response=self)
requests.exceptions.HTTPError: 429 Client Error: Too Many Requests for url: https://demo.trading212.com/api/v0/equity/metadata/instruments
Traceback (most recent call last):
  File "/Users/lukas/projects/sp500_leverage_vs_non_leverage/main.py", line 20, in <module>
    response.raise_for_status()
    ~~~~~~~~~~~~~~~~~~~~~~~~~^^
  File "/Users/lukas/projects/sp500_leverage_vs_non_leverage/.venv/lib/python3.13/site-packages/requests/models.py", line 1026, in raise_for_status
    raise HTTPError(http_error_msg, response=self)
requests.exceptions.HTTPError: 429 Client Error: Too Many Requests for url: https://demo.trading212.com/api/v0/equity/metadata/instruments
Traceback (most recent call last):
  File "/Users/lukas/projects/sp500_leverage_vs_non_leverage/main.py", line 20, in <module>
    response.raise_for_status()
    ~~~~~~~~~~~~~~~~~~~~~~~~~^^
  File "/Users/lukas/projects/sp500_leverage_vs_non_leverage/.venv/lib/python3.13/site-packages/requests/models.py", line 1026, in raise_for_status
    raise HTTPError(http_error_msg, response=self)
requests.exceptions.HTTPError: 429 Client Error: Too Many Requests for url: https://demo.trading212.com/api/v0/equity/metadata/instruments
Traceback (most recent call last):
  File "/Users/lukas/projects/sp500_leverage_vs_non_leverage/main.py", line 48, in <module>
    positions = [Position(**i) for i in response.json()]
                 ~~~~~~~~^^^^^
TypeError: models.Position() argument after ** must be a mapping, not str
Traceback (most recent call last):
  File "/Users/lukas/projects/sp500_leverage_vs_non_leverage/main.py", line 48, in <module>
    positions = [Position(**i) for i in response.json()]
                 ~~~~~~~~^^^^^
TypeError: models.Position() argument after ** must be a mapping, not str
Traceback (most recent call last):
  File "/Users/lukas/projects/sp500_leverage_vs_non_leverage/main.py", line 48, in <module>
    positions = [Position(**i) for i in response.json()]
                 ~~~~~~~~^^^^^
TypeError: models.Position() argument after ** must be a mapping, not str
Traceback (most recent call last):
  File "/Users/lukas/projects/sp500_leverage_vs_non_leverage/main.py", line 20, in <module>
    response.raise_for_status()
    ~~~~~~~~~~~~~~~~~~~~~~~~~^^
  File "/Users/lukas/projects/sp500_leverage_vs_non_leverage/.venv/lib/python3.13/site-packages/requests/models.py", line 1026, in raise_for_status
    raise HTTPError(http_error_msg, response=self)
requests.exceptions.HTTPError: 429 Client Error: Too Many Requests for url: https://demo.trading212.com/api/v0/equity/metadata/instruments
Traceback (most recent call last):
  File "/Users/lukas/projects/sp500_leverage_vs_non_leverage/main.py", line 20, in <module>
    response.raise_for_status()
    ~~~~~~~~~~~~~~~~~~~~~~~~~^^
  File "/Users/lukas/projects/sp500_leverage_vs_non_leverage/.venv/lib/python3.13/site-packages/requests/models.py", line 1026, in raise_for_status
    raise HTTPError(http_error_msg, response=self)
requests.exceptions.HTTPError: 429 Client Error: Too Many Requests for url: https://demo.trading212.com/api/v0/equity/metadata/instruments
Traceback (most recent call last):
  File "/Users/lukas/projects/sp500_leverage_vs_non_leverage/main.py", line 20, in <module>
    response.raise_for_status()
    ~~~~~~~~~~~~~~~~~~~~~~~~~^^
  File "/Users/lukas/projects/sp500_leverage_vs_non_leverage/.venv/lib/python3.13/site-packages/requests/models.py", line 1026, in raise_for_status
    raise HTTPError(http_error_msg, response=self)
requests.exceptions.HTTPError: 429 Client Error: Too Many Requests for url: https://demo.trading212.com/api/v0/equity/metadata/instruments
Traceback (most recent call last):
  File "/Users/lukas/projects/sp500_leverage_vs_non_leverage/main.py", line 48, in <module>
    positions = [Position(**i) for i in response.json()]
                 ~~~~~~~~^^^^^
TypeError: models.Position() argument after ** must be a mapping, not str
Traceback (most recent call last):
  File "/Users/lukas/projects/sp500_leverage_vs_non_leverage/main.py", line 48, in <module>
    positions = [Position(**i) for i in response.json()]
                 ~~~~~~~~^^^^^
TypeError: models.Position() argument after ** must be a mapping, not str
Traceback (most recent call last):
  File "/Users/lukas/projects/sp500_leverage_vs_non_leverage/main.py", line 20, in <module>
    response.raise_for_status()
    ~~~~~~~~~~~~~~~~~~~~~~~~~^^
  File "/Users/lukas/projects/sp500_leverage_vs_non_leverage/.venv/lib/python3.13/site-packages/requests/models.py", line 1026, in raise_for_status
    raise HTTPError(http_error_msg, response=self)
requests.exceptions.HTTPError: 429 Client Error: Too Many Requests for url: https://demo.trading212.com/api/v0/equity/metadata/instruments
Traceback (most recent call last):
  File "/Users/lukas/projects/sp500_leverage_vs_non_leverage/main.py", line 20, in <module>
    response.raise_for_status()
    ~~~~~~~~~~~~~~~~~~~~~~~~~^^
  File "/Users/lukas/projects/sp500_leverage_vs_non_leverage/.venv/lib/python3.13/site-packages/requests/models.py", line 1026, in raise_for_status
    raise HTTPError(http_error_msg, response=self)
requests.exceptions.HTTPError: 429 Client Error: Too Many Requests for url: https://demo.trading212.com/api/v0/equity/metadata/instruments
Traceback (most recent call last):
  File "/Users/lukas/projects/sp500_leverage_vs_non_leverage/main.py", line 20, in <module>
    response.raise_for_status()
    ~~~~~~~~~~~~~~~~~~~~~~~~~^^
  File "/Users/lukas/projects/sp500_leverage_vs_non_leverage/.venv/lib/python3.13/site-packages/requests/models.py", line 1026, in raise_for_status
    raise HTTPError(http_error_msg, response=self)
requests.exceptions.HTTPError: 429 Client Error: Too Many Requests for url: https://demo.trading212.com/api/v0/equity/metadata/instruments
Traceback (most recent call last):
  File "/Users/lukas/projects/sp500_leverage_vs_non_leverage/main.py", line 20, in <module>
    response.raise_for_status()
    ~~~~~~~~~~~~~~~~~~~~~~~~~^^
  File "/Users/lukas/projects/sp500_leverage_vs_non_leverage/.venv/lib/python3.13/site-packages/requests/models.py", line 1026, in raise_for_status
    raise HTTPError(http_error_msg, response=self)
requests.exceptions.HTTPError: 429 Client Error: Too Many Requests for url: https://demo.trading212.com/api/v0/equity/metadata/instruments
Traceback (most recent call last):
  File "/Users/lukas/projects/sp500_leverage_vs_non_leverage/.venv/lib/python3.13/site-packages/urllib3/connectionpool.py", line 787, in urlopen
    response = self._make_request(
        conn,
    ...<10 lines>...
        **response_kw,
    )
  File "/Users/lukas/projects/sp500_leverage_vs_non_leverage/.venv/lib/python3.13/site-packages/urllib3/connectionpool.py", line 488, in _make_request
    raise new_e
  File "/Users/lukas/projects/sp500_leverage_vs_non_leverage/.venv/lib/python3.13/site-packages/urllib3/connectionpool.py", line 464, in _make_request
    self._validate_conn(conn)
    ~~~~~~~~~~~~~~~~~~~^^^^^^
  File "/Users/lukas/projects/sp500_leverage_vs_non_leverage/.venv/lib/python3.13/site-packages/urllib3/connectionpool.py", line 1093, in _validate_conn
    conn.connect()
    ~~~~~~~~~~~~^^
  File "/Users/lukas/projects/sp500_leverage_vs_non_leverage/.venv/lib/python3.13/site-packages/urllib3/connection.py", line 790, in connect
    sock_and_verified = _ssl_wrap_socket_and_match_hostname(
        sock=sock,
    ...<14 lines>...
        assert_fingerprint=self.assert_fingerprint,
    )
  File "/Users/lukas/projects/sp500_leverage_vs_non_leverage/.venv/lib/python3.13/site-packages/urllib3/connection.py", line 969, in _ssl_wrap_socket_and_match_hostname
    ssl_sock = ssl_wrap_socket(
        sock=sock,
    ...<8 lines>...
        tls_in_tls=tls_in_tls,
    )
  File "/Users/lukas/projects/sp500_leverage_vs_non_leverage/.venv/lib/python3.13/site-packages/urllib3/util/ssl_.py", line 480, in ssl_wrap_socket
    ssl_sock = _ssl_wrap_socket_impl(sock, context, tls_in_tls, server_hostname)
  File "/Users/lukas/projects/sp500_leverage_vs_non_leverage/.venv/lib/python3.13/site-packages/urllib3/util/ssl_.py", line 524, in _ssl_wrap_socket_impl
    return ssl_context.wrap_socket(sock, server_hostname=server_hostname)
           ~~~~~~~~~~~~~~~~~~~~~~~^^^^^^^^^^^^^^^^^^^^^^^^^^^^^^^^^^^^^^^
  File "/Library/Frameworks/Python.framework/Versions/3.13/lib/python3.13/ssl.py", line 455, in wrap_socket
    return self.sslsocket_class._create(
           ~~~~~~~~~~~~~~~~~~~~~~~~~~~~^
        sock=sock,
        ^^^^^^^^^^
    ...<5 lines>...
        session=session
        ^^^^^^^^^^^^^^^
    )
    ^
  File "/Library/Frameworks/Python.framework/Versions/3.13/lib/python3.13/ssl.py", line 1076, in _create
    self.do_handshake()
    ~~~~~~~~~~~~~~~~~^^
  File "/Library/Frameworks/Python.framework/Versions/3.13/lib/python3.13/ssl.py", line 1372, in do_handshake
    self._sslobj.do_handshake()
    ~~~~~~~~~~~~~~~~~~~~~~~~~^^
ConnectionResetError: [Errno 54] Connection reset by peer

During handling of the above exception, another exception occurred:

Traceback (most recent call last):
  File "/Users/lukas/projects/sp500_leverage_vs_non_leverage/.venv/lib/python3.13/site-packages/requests/adapters.py", line 644, in send
    resp = conn.urlopen(
        method=request.method,
    ...<9 lines>...
        chunked=chunked,
    )
  File "/Users/lukas/projects/sp500_leverage_vs_non_leverage/.venv/lib/python3.13/site-packages/urllib3/connectionpool.py", line 841, in urlopen
    retries = retries.increment(
        method, url, error=new_e, _pool=self, _stacktrace=sys.exc_info()[2]
    )
  File "/Users/lukas/projects/sp500_leverage_vs_non_leverage/.venv/lib/python3.13/site-packages/urllib3/util/retry.py", line 474, in increment
    raise reraise(type(error), error, _stacktrace)
          ~~~~~~~^^^^^^^^^^^^^^^^^^^^^^^^^^^^^^^^^
  File "/Users/lukas/projects/sp500_leverage_vs_non_leverage/.venv/lib/python3.13/site-packages/urllib3/util/util.py", line 38, in reraise
    raise value.with_traceback(tb)
  File "/Users/lukas/projects/sp500_leverage_vs_non_leverage/.venv/lib/python3.13/site-packages/urllib3/connectionpool.py", line 787, in urlopen
    response = self._make_request(
        conn,
    ...<10 lines>...
        **response_kw,
    )
  File "/Users/lukas/projects/sp500_leverage_vs_non_leverage/.venv/lib/python3.13/site-packages/urllib3/connectionpool.py", line 488, in _make_request
    raise new_e
  File "/Users/lukas/projects/sp500_leverage_vs_non_leverage/.venv/lib/python3.13/site-packages/urllib3/connectionpool.py", line 464, in _make_request
    self._validate_conn(conn)
    ~~~~~~~~~~~~~~~~~~~^^^^^^
  File "/Users/lukas/projects/sp500_leverage_vs_non_leverage/.venv/lib/python3.13/site-packages/urllib3/connectionpool.py", line 1093, in _validate_conn
    conn.connect()
    ~~~~~~~~~~~~^^
  File "/Users/lukas/projects/sp500_leverage_vs_non_leverage/.venv/lib/python3.13/site-packages/urllib3/connection.py", line 790, in connect
    sock_and_verified = _ssl_wrap_socket_and_match_hostname(
        sock=sock,
    ...<14 lines>...
        assert_fingerprint=self.assert_fingerprint,
    )
  File "/Users/lukas/projects/sp500_leverage_vs_non_leverage/.venv/lib/python3.13/site-packages/urllib3/connection.py", line 969, in _ssl_wrap_socket_and_match_hostname
    ssl_sock = ssl_wrap_socket(
        sock=sock,
    ...<8 lines>...
        tls_in_tls=tls_in_tls,
    )
  File "/Users/lukas/projects/sp500_leverage_vs_non_leverage/.venv/lib/python3.13/site-packages/urllib3/util/ssl_.py", line 480, in ssl_wrap_socket
    ssl_sock = _ssl_wrap_socket_impl(sock, context, tls_in_tls, server_hostname)
  File "/Users/lukas/projects/sp500_leverage_vs_non_leverage/.venv/lib/python3.13/site-packages/urllib3/util/ssl_.py", line 524, in _ssl_wrap_socket_impl
    return ssl_context.wrap_socket(sock, server_hostname=server_hostname)
           ~~~~~~~~~~~~~~~~~~~~~~~^^^^^^^^^^^^^^^^^^^^^^^^^^^^^^^^^^^^^^^
  File "/Library/Frameworks/Python.framework/Versions/3.13/lib/python3.13/ssl.py", line 455, in wrap_socket
    return self.sslsocket_class._create(
           ~~~~~~~~~~~~~~~~~~~~~~~~~~~~^
        sock=sock,
        ^^^^^^^^^^
    ...<5 lines>...
        session=session
        ^^^^^^^^^^^^^^^
    )
    ^
  File "/Library/Frameworks/Python.framework/Versions/3.13/lib/python3.13/ssl.py", line 1076, in _create
    self.do_handshake()
    ~~~~~~~~~~~~~~~~~^^
  File "/Library/Frameworks/Python.framework/Versions/3.13/lib/python3.13/ssl.py", line 1372, in do_handshake
    self._sslobj.do_handshake()
    ~~~~~~~~~~~~~~~~~~~~~~~~~^^
urllib3.exceptions.ProtocolError: ('Connection aborted.', ConnectionResetError(54, 'Connection reset by peer'))

During handling of the above exception, another exception occurred:

Traceback (most recent call last):
  File "/Users/lukas/projects/sp500_leverage_vs_non_leverage/main.py", line 29, in <module>
    response = requests.get(url, headers=headers)
  File "/Users/lukas/projects/sp500_leverage_vs_non_leverage/.venv/lib/python3.13/site-packages/requests/api.py", line 73, in get
    return request("get", url, params=params, **kwargs)
  File "/Users/lukas/projects/sp500_leverage_vs_non_leverage/.venv/lib/python3.13/site-packages/requests/api.py", line 59, in request
    return session.request(method=method, url=url, **kwargs)
           ~~~~~~~~~~~~~~~^^^^^^^^^^^^^^^^^^^^^^^^^^^^^^^^^^
  File "/Users/lukas/projects/sp500_leverage_vs_non_leverage/.venv/lib/python3.13/site-packages/requests/sessions.py", line 589, in request
    resp = self.send(prep, **send_kwargs)
  File "/Users/lukas/projects/sp500_leverage_vs_non_leverage/.venv/lib/python3.13/site-packages/requests/sessions.py", line 703, in send
    r = adapter.send(request, **kwargs)
  File "/Users/lukas/projects/sp500_leverage_vs_non_leverage/.venv/lib/python3.13/site-packages/requests/adapters.py", line 659, in send
    raise ConnectionError(err, request=request)
requests.exceptions.ConnectionError: ('Connection aborted.', ConnectionResetError(54, 'Connection reset by peer'))
Traceback (most recent call last):
  File "/Users/lukas/projects/sp500_leverage_vs_non_leverage/main.py", line 48, in <module>
    positions = [Position(**i) for i in response.json()]
                 ~~~~~~~~^^^^^
TypeError: models.Position() argument after ** must be a mapping, not str
Traceback (most recent call last):
  File "/Users/lukas/projects/sp500_leverage_vs_non_leverage/main.py", line 48, in <module>
    positions = [Position(**i) for i in response.json()]
                 ~~~~~~~~^^^^^
TypeError: models.Position() argument after ** must be a mapping, not str
Traceback (most recent call last):
  File "/Users/lukas/projects/sp500_leverage_vs_non_leverage/main.py", line 48, in <module>
    positions = [Position(**i) for i in response.json()]
                 ~~~~~~~~^^^^^
TypeError: models.Position() argument after ** must be a mapping, not str
Traceback (most recent call last):
  File "/Users/lukas/projects/sp500_leverage_vs_non_leverage/main.py", line 20, in <module>
    response.raise_for_status()
    ~~~~~~~~~~~~~~~~~~~~~~~~~^^
  File "/Users/lukas/projects/sp500_leverage_vs_non_leverage/.venv/lib/python3.13/site-packages/requests/models.py", line 1026, in raise_for_status
    raise HTTPError(http_error_msg, response=self)
requests.exceptions.HTTPError: 429 Client Error: Too Many Requests for url: https://demo.trading212.com/api/v0/equity/metadata/instruments
Traceback (most recent call last):
  File "/Users/lukas/projects/sp500_leverage_vs_non_leverage/main.py", line 20, in <module>
    response.raise_for_status()
    ~~~~~~~~~~~~~~~~~~~~~~~~~^^
  File "/Users/lukas/projects/sp500_leverage_vs_non_leverage/.venv/lib/python3.13/site-packages/requests/models.py", line 1026, in raise_for_status
    raise HTTPError(http_error_msg, response=self)
requests.exceptions.HTTPError: 429 Client Error: Too Many Requests for url: https://demo.trading212.com/api/v0/equity/metadata/instruments
Traceback (most recent call last):
  File "/Users/lukas/projects/sp500_leverage_vs_non_leverage/main.py", line 20, in <module>
    response.raise_for_status()
    ~~~~~~~~~~~~~~~~~~~~~~~~~^^
  File "/Users/lukas/projects/sp500_leverage_vs_non_leverage/.venv/lib/python3.13/site-packages/requests/models.py", line 1026, in raise_for_status
    raise HTTPError(http_error_msg, response=self)
requests.exceptions.HTTPError: 429 Client Error: Too Many Requests for url: https://demo.trading212.com/api/v0/equity/metadata/instruments
Traceback (most recent call last):
  File "/Users/lukas/projects/sp500_leverage_vs_non_leverage/main.py", line 48, in <module>
    positions = [Position(**i) for i in response.json()]
                 ~~~~~~~~^^^^^
TypeError: models.Position() argument after ** must be a mapping, not str
Traceback (most recent call last):
  File "/Users/lukas/projects/sp500_leverage_vs_non_leverage/main.py", line 48, in <module>
    positions = [Position(**i) for i in response.json()]
                 ~~~~~~~~^^^^^
TypeError: models.Position() argument after ** must be a mapping, not str
Traceback (most recent call last):
  File "/Users/lukas/projects/sp500_leverage_vs_non_leverage/main.py", line 20, in <module>
    response.raise_for_status()
    ~~~~~~~~~~~~~~~~~~~~~~~~~^^
  File "/Users/lukas/projects/sp500_leverage_vs_non_leverage/.venv/lib/python3.13/site-packages/requests/models.py", line 1026, in raise_for_status
    raise HTTPError(http_error_msg, response=self)
requests.exceptions.HTTPError: 429 Client Error: Too Many Requests for url: https://demo.trading212.com/api/v0/equity/metadata/instruments
Traceback (most recent call last):
  File "/Users/lukas/projects/sp500_leverage_vs_non_leverage/main.py", line 20, in <module>
    response.raise_for_status()
    ~~~~~~~~~~~~~~~~~~~~~~~~~^^
  File "/Users/lukas/projects/sp500_leverage_vs_non_leverage/.venv/lib/python3.13/site-packages/requests/models.py", line 1026, in raise_for_status
    raise HTTPError(http_error_msg, response=self)
requests.exceptions.HTTPError: 429 Client Error: Too Many Requests for url: https://demo.trading212.com/api/v0/equity/metadata/instruments
Traceback (most recent call last):
  File "/Users/lukas/projects/sp500_leverage_vs_non_leverage/main.py", line 20, in <module>
    response.raise_for_status()
    ~~~~~~~~~~~~~~~~~~~~~~~~~^^
  File "/Users/lukas/projects/sp500_leverage_vs_non_leverage/.venv/lib/python3.13/site-packages/requests/models.py", line 1026, in raise_for_status
    raise HTTPError(http_error_msg, response=self)
requests.exceptions.HTTPError: 429 Client Error: Too Many Requests for url: https://demo.trading212.com/api/v0/equity/metadata/instruments
